#
# A fatal error has been detected by the Java Runtime Environment:
#
#  EXCEPTION_ACCESS_VIOLATION (0xc0000005) at pc=0x00007ff9fda2a18c, pid=11436, tid=0x0000000000003364
#
# JRE version: Java(TM) SE Runtime Environment (8.0_111-b14) (build 1.8.0_111-b14)
# Java VM: Java HotSpot(TM) 64-Bit Server VM (25.111-b14 mixed mode windows-amd64 compressed oops)
# Problematic frame:
# C  [ig9icd64.dll+0x1a18c]
#
# Failed to write core dump. Minidumps are not enabled by default on client versions of Windows
#
# If you would like to submit a bug report, please visit:
#   http://bugreport.java.com/bugreport/crash.jsp
# The crash happened outside the Java Virtual Machine in native code.
# See problematic frame for where to report the bug.
#

---------------  T H R E A D  ---------------

Current thread (0x0000000018e6e000):  JavaThread "AWT-EventQueue-0" [_thread_in_native, id=13156, stack(0x00000000206a0000,0x00000000207a0000)]

siginfo: ExceptionCode=0xc0000005, reading address 0x000000011eee9730

Registers:
RAX=0x00007ff9fda2a18c, RBX=0x0000000000707028, RCX=0x000000001eee9750, RDX=0x000000011eee9740
RSP=0x000000002079da50, RBP=0x0000000000000010, RSI=0x00000000ffffffff, RDI=0x0000000000010000
R8 =0x0000000000000010, R9 =0x00007ff9fda10000, R10=0x0000000000000010, R11=0x0000000000000000
R12=0x00000000ffffffff, R13=0x0000000000000000, R14=0x00000000006e2d00, R15=0x00000000007081e8
RIP=0x00007ff9fda2a18c, EFLAGS=0x0000000000010202

Top of Stack: (sp=0x000000002079da50)
0x000000002079da50:   00000000006773e0 0000000000000009
0x000000002079da60:   00000000006773e0 00007ffa47cc87a4
0x000000002079da70:   0000000000000000 00007ff9fda98875
0x000000002079da80:   00007ffa446c7b5e 0000000000000000
0x000000002079da90:   000000002079daa8 0000000000000000
0x000000002079daa0:   00000000ffffffff 000000002079daa0
0x000000002079dab0:   0000000000000003 000000001ed00718
0x000000002079dac0:   0000000000000001 0000000000000000
0x000000002079dad0:   0000000000000000 0000000018e6e000
0x000000002079dae0:   000000002079ddb8 0000000000000000
0x000000002079daf0:   0000000000000000 0000000000000000
0x000000002079db00:   00000000006e2d00 000000004d0127b2
0x000000002079db10:   00000000006e2d00 00007ff9fdbbd31b
0x000000002079db20:   00000000ffffffff 0000000000000000
0x000000002079db30:   0000000800000001 0000000000000000
0x000000002079db40:   00000000006e2d00 00007ff9fdafdd74 

Instructions: (pc=0x00007ff9fda2a18c)
0x00007ff9fda2a16c:   41 d8 8b 42 dc 89 41 dc 8b 42 e0 89 41 e0 8b 42
0x00007ff9fda2a17c:   e4 89 41 e4 8b 42 e8 89 41 e8 8b 42 ec 89 41 ec
0x00007ff9fda2a18c:   8b 42 f0 89 41 f0 e9 20 03 00 00 48 8b c1 83 e0
0x00007ff9fda2a19c:   0f 74 3a 41 b9 10 00 00 00 4c 2b c8 49 8b c1 49 


Register to memory mapping:

RAX=0x00007ff9fda2a18c is an unknown value
RBX=0x0000000000707028 is an unknown value
RCX=0x000000001eee9750 is an unknown value
RDX=0x000000011eee9740 is an unknown value
RSP=0x000000002079da50 is pointing into the stack for thread: 0x0000000018e6e000
RBP=0x0000000000000010 is an unknown value
RSI=0x00000000ffffffff is an unknown value
RDI=0x0000000000010000 is an unknown value
R8 =0x0000000000000010 is an unknown value
R9 =0x00007ff9fda10000 is an unknown value
R10=0x0000000000000010 is an unknown value
R11=0x0000000000000000 is an unknown value
R12=0x00000000ffffffff is an unknown value
R13=0x0000000000000000 is an unknown value
R14=0x00000000006e2d00 is an unknown value
R15=0x00000000007081e8 is an unknown value


Stack: [0x00000000206a0000,0x00000000207a0000],  sp=0x000000002079da50,  free space=1014k
Native frames: (J=compiled Java code, j=interpreted, Vv=VM code, C=native code)
C  [ig9icd64.dll+0x1a18c]
C  [ig9icd64.dll+0x88875]
C  [ig9icd64.dll+0x1ad31b]
C  [ig9icd64.dll+0xedd74]
C  [ig9icd64.dll+0x57c790]
C  [ig9icd64.dll+0x57c68f]
C  [OpenGL32.dll+0x3a427]
C  [gdi32full.dll+0x67cce]
C  [nativewindow_win32.dll+0x2b6d]
C  0x0000000002637f74

Java frames: (J=compiled Java code, j=interpreted, Vv=VM code)
j  jogamp.nativewindow.windows.GDI.SwapBuffers(J)Z+0
j  jogamp.opengl.windows.wgl.WGLUtil.SwapBuffers(J)Z+12
j  jogamp.opengl.windows.wgl.WindowsWGLDrawable.swapBuffersImpl(Z)V+23
j  jogamp.opengl.GLDrawableImpl.swapBuffers()V+67
j  jogamp.opengl.GLDrawableHelper.invokeGLImpl(Lcom/jogamp/opengl/GLDrawable;Lcom/jogamp/opengl/GLContext;Ljava/lang/Runnable;Ljava/lang/Runnable;)V+216
j  jogamp.opengl.GLDrawableHelper.invokeGL(Lcom/jogamp/opengl/GLDrawable;Lcom/jogamp/opengl/GLContext;Ljava/lang/Runnable;Ljava/lang/Runnable;)V+72
j  com.jogamp.opengl.awt.GLCanvas$12.run()V+104
j  java.awt.event.InvocationEvent.dispatch()V+11
j  java.awt.EventQueue.dispatchEventImpl(Ljava/awt/AWTEvent;Ljava/lang/Object;)V+21
j  java.awt.EventQueue.access$500(Ljava/awt/EventQueue;Ljava/awt/AWTEvent;Ljava/lang/Object;)V+3
j  java.awt.EventQueue$3.run()Ljava/lang/Void;+32
j  java.awt.EventQueue$3.run()Ljava/lang/Object;+1
v  ~StubRoutines::call_stub
j  java.security.AccessController.doPrivileged(Ljava/security/PrivilegedAction;Ljava/security/AccessControlContext;)Ljava/lang/Object;+0
j  java.security.ProtectionDomain$JavaSecurityAccessImpl.doIntersectionPrivilege(Ljava/security/PrivilegedAction;Ljava/security/AccessControlContext;Ljava/security/AccessControlContext;)Ljava/lang/Object;+18
j  java.awt.EventQueue.dispatchEvent(Ljava/awt/AWTEvent;)V+46
j  java.awt.EventDispatchThread.pumpOneEventForFilters(I)V+245
j  java.awt.EventDispatchThread.pumpEventsForFilter(ILjava/awt/Conditional;Ljava/awt/EventFilter;)V+35
j  java.awt.EventDispatchThread.pumpEventsForHierarchy(ILjava/awt/Conditional;Ljava/awt/Component;)V+11
j  java.awt.EventDispatchThread.pumpEvents(ILjava/awt/Conditional;)V+4
j  java.awt.EventDispatchThread.pumpEvents(Ljava/awt/Conditional;)V+3
j  java.awt.EventDispatchThread.run()V+9
v  ~StubRoutines::call_stub

---------------  P R O C E S S  ---------------

Java Threads: ( => current thread )
  0x000000000251d800 JavaThread "DestroyJavaVM" [_thread_blocked, id=12900, stack(0x00000000023c0000,0x00000000024c0000)]
=>0x0000000018e6e000 JavaThread "AWT-EventQueue-0" [_thread_in_native, id=13156, stack(0x00000000206a0000,0x00000000207a0000)]
  0x0000000019c3a800 JavaThread "AWT-Shutdown" [_thread_blocked, id=12536, stack(0x00000000205a0000,0x00000000206a0000)]
  0x0000000019b2e000 JavaThread "main-FPSAWTAnimator#00-Timer0" [_thread_blocked, id=5292, stack(0x00000000204a0000,0x00000000205a0000)]
  0x00000000197d0800 JavaThread "main-SharedResourceRunner" daemon [_thread_blocked, id=6948, stack(0x000000001a3c0000,0x000000001a4c0000)]
  0x00000000195ef000 JavaThread "AWT-Windows" daemon [_thread_in_native, id=12888, stack(0x0000000019f00000,0x000000001a000000)]
  0x00000000195eb800 JavaThread "Java2D Disposer" daemon [_thread_blocked, id=12764, stack(0x0000000019d00000,0x0000000019e00000)]
  0x000000001716e800 JavaThread "Service Thread" daemon [_thread_blocked, id=10796, stack(0x0000000018e70000,0x0000000018f70000)]
  0x0000000017117800 JavaThread "C1 CompilerThread2" daemon [_thread_blocked, id=12496, stack(0x0000000018970000,0x0000000018a70000)]
  0x0000000017112800 JavaThread "C2 CompilerThread1" daemon [_thread_blocked, id=13036, stack(0x0000000018870000,0x0000000018970000)]
  0x000000001710e000 JavaThread "C2 CompilerThread0" daemon [_thread_blocked, id=12560, stack(0x0000000018770000,0x0000000018870000)]
  0x000000001710c800 JavaThread "Attach Listener" daemon [_thread_blocked, id=11300, stack(0x0000000018670000,0x0000000018770000)]
  0x000000001710b800 JavaThread "Signal Dispatcher" daemon [_thread_blocked, id=12936, stack(0x0000000018570000,0x0000000018670000)]
  0x00000000170f8800 JavaThread "Finalizer" daemon [_thread_blocked, id=4052, stack(0x0000000018360000,0x0000000018460000)]
  0x0000000002611000 JavaThread "Reference Handler" daemon [_thread_blocked, id=12428, stack(0x0000000018260000,0x0000000018360000)]

Other Threads:
  0x00000000170d6800 VMThread [stack: 0x0000000018160000,0x0000000018260000] [id=13256]
  0x0000000018ab5800 WatcherThread [stack: 0x00000000190c0000,0x00000000191c0000] [id=12448]

VM state:not at safepoint (normal execution)

VM Mutex/Monitor currently owned by a thread: None

Heap:
 PSYoungGen      total 677376K, used 451955K [0x00000000d6000000, 0x0000000100000000, 0x0000000100000000)
  eden space 669184K, 67% used [0x00000000d6000000,0x00000000f1782730,0x00000000fed80000)
  from space 8192K, 23% used [0x00000000fed80000,0x00000000fef5a7a8,0x00000000ff580000)
  to   space 8192K, 0% used [0x00000000ff800000,0x00000000ff800000,0x0000000100000000)
 ParOldGen       total 86016K, used 13309K [0x0000000082000000, 0x0000000087400000, 0x00000000d6000000)
  object space 86016K, 15% used [0x0000000082000000,0x0000000082cff630,0x0000000087400000)
 Metaspace       used 15451K, capacity 15726K, committed 16128K, reserved 1062912K
  class space    used 1593K, capacity 1677K, committed 1792K, reserved 1048576K

Card table byte_map: [0x00000000119e0000,0x0000000011de0000] byte_map_base: 0x00000000115d0000

Marking Bits: (ParMarkBitMap*) 0x00000000757ba6c0
 Begin Bits: [0x0000000012480000, 0x0000000014400000)
 End Bits:   [0x0000000014400000, 0x0000000016380000)

Polling page: 0x0000000000b20000

CodeCache: size=245760Kb used=3475Kb max_used=3488Kb free=242284Kb
 bounds [0x0000000002620000, 0x0000000002990000, 0x0000000011620000]
 total_blobs=1611 nmethods=813 adapters=711
 compilation: enabled

Compilation events (10 events):
Event: 26.107 Thread 0x000000001710e000  809       4       java.util.LinkedList::outOfBoundsMsg (32 bytes)
Event: 26.108 Thread 0x0000000017112800  810       4       java.lang.IndexOutOfBoundsException::<init> (6 bytes)
Event: 26.110 Thread 0x0000000017112800 nmethod 810 0x0000000002982c10 code [0x0000000002982d60, 0x00000000029830c8]
Event: 26.113 Thread 0x000000001710e000 nmethod 809 0x0000000002982550 code [0x00000000029826a0, 0x0000000002982b18]
Event: 26.156 Thread 0x0000000017112800  811   !   4       Graphics.Renderer::drawTriangle (251 bytes)
Event: 26.189 Thread 0x000000001710e000  812       4       jogamp.opengl.gl4.GL4bcImpl::glBegin (49 bytes)
Event: 26.191 Thread 0x000000001710e000 nmethod 812 0x0000000002981d50 code [0x0000000002981ea0, 0x0000000002981f68]
Event: 26.193 Thread 0x0000000017112800 nmethod 811 0x0000000002988710 code [0x0000000002988a20, 0x0000000002989ea8]
Event: 26.237 Thread 0x000000001710e000  813       4       java.util.LinkedList::get (14 bytes)
Event: 26.259 Thread 0x000000001710e000 nmethod 813 0x0000000002985e10 code [0x0000000002985f80, 0x00000000029865e8]

GC Heap History (10 events):
Event: 24.315 GC heap before
{Heap before GC invocations=159 (full 0):
 PSYoungGen      total 679424K, used 672712K [0x00000000d6000000, 0x0000000100000000, 0x0000000100000000)
  eden space 671744K, 99% used [0x00000000d6000000,0x00000000fef22028,0x00000000ff000000)
  from space 7680K, 24% used [0x00000000ff880000,0x00000000ffa4ffd8,0x0000000100000000)
  to   space 8192K, 0% used [0x00000000ff000000,0x00000000ff000000,0x00000000ff800000)
 ParOldGen       total 86016K, used 9658K [0x0000000082000000, 0x0000000087400000, 0x00000000d6000000)
  object space 86016K, 11% used [0x0000000082000000,0x000000008296ea88,0x0000000087400000)
 Metaspace       used 12613K, capacity 12814K, committed 13184K, reserved 1060864K
  class space    used 1230K, capacity 1282K, committed 1408K, reserved 1048576K
Event: 24.317 GC heap after
Heap after GC invocations=159 (full 0):
 PSYoungGen      total 679936K, used 5465K [0x00000000d6000000, 0x0000000100000000, 0x0000000100000000)
  eden space 671744K, 0% used [0x00000000d6000000,0x00000000d6000000,0x00000000ff000000)
  from space 8192K, 66% used [0x00000000ff000000,0x00000000ff556600,0x00000000ff800000)
  to   space 8192K, 0% used [0x00000000ff800000,0x00000000ff800000,0x0000000100000000)
 ParOldGen       total 86016K, used 9658K [0x0000000082000000, 0x0000000087400000, 0x00000000d6000000)
  object space 86016K, 11% used [0x0000000082000000,0x000000008296ea88,0x0000000087400000)
 Metaspace       used 12613K, capacity 12814K, committed 13184K, reserved 1060864K
  class space    used 1230K, capacity 1282K, committed 1408K, reserved 1048576K
}
Event: 24.465 GC heap before
{Heap before GC invocations=160 (full 0):
 PSYoungGen      total 679936K, used 675812K [0x00000000d6000000, 0x0000000100000000, 0x0000000100000000)
  eden space 671744K, 99% used [0x00000000d6000000,0x00000000feea2cd0,0x00000000ff000000)
  from space 8192K, 66% used [0x00000000ff000000,0x00000000ff556600,0x00000000ff800000)
  to   space 8192K, 0% used [0x00000000ff800000,0x00000000ff800000,0x0000000100000000)
 ParOldGen       total 86016K, used 9658K [0x0000000082000000, 0x0000000087400000, 0x00000000d6000000)
  object space 86016K, 11% used [0x0000000082000000,0x000000008296ea88,0x0000000087400000)
 Metaspace       used 12613K, capacity 12814K, committed 13184K, reserved 1060864K
  class space    used 1230K, capacity 1282K, committed 1408K, reserved 1048576K
Event: 24.466 GC heap after
Heap after GC invocations=160 (full 0):
 PSYoungGen      total 679936K, used 1873K [0x00000000d6000000, 0x0000000100000000, 0x0000000100000000)
  eden space 671744K, 0% used [0x00000000d6000000,0x00000000d6000000,0x00000000ff000000)
  from space 8192K, 22% used [0x00000000ff800000,0x00000000ff9d4420,0x0000000100000000)
  to   space 8192K, 0% used [0x00000000ff000000,0x00000000ff000000,0x00000000ff800000)
 ParOldGen       total 86016K, used 9658K [0x0000000082000000, 0x0000000087400000, 0x00000000d6000000)
  object space 86016K, 11% used [0x0000000082000000,0x000000008296ea88,0x0000000087400000)
 Metaspace       used 12613K, capacity 12814K, committed 13184K, reserved 1060864K
  class space    used 1230K, capacity 1282K, committed 1408K, reserved 1048576K
}
Event: 24.620 GC heap before
{Heap before GC invocations=161 (full 0):
 PSYoungGen      total 679936K, used 671700K [0x00000000d6000000, 0x0000000100000000, 0x0000000100000000)
  eden space 671744K, 99% used [0x00000000d6000000,0x00000000fee20c90,0x00000000ff000000)
  from space 8192K, 22% used [0x00000000ff800000,0x00000000ff9d4420,0x0000000100000000)
  to   space 8192K, 0% used [0x00000000ff000000,0x00000000ff000000,0x00000000ff800000)
 ParOldGen       total 86016K, used 9658K [0x0000000082000000, 0x0000000087400000, 0x00000000d6000000)
  object space 86016K, 11% used [0x0000000082000000,0x000000008296ea88,0x0000000087400000)
 Metaspace       used 12613K, capacity 12814K, committed 13184K, reserved 1060864K
  class space    used 1230K, capacity 1282K, committed 1408K, reserved 1048576K
Event: 24.622 GC heap after
Heap after GC invocations=161 (full 0):
 PSYoungGen      total 645632K, used 5516K [0x00000000d6000000, 0x00000000ff880000, 0x0000000100000000)
  eden space 640000K, 0% used [0x00000000d6000000,0x00000000d6000000,0x00000000fd100000)
  from space 5632K, 97% used [0x00000000ff000000,0x00000000ff5631b8,0x00000000ff580000)
  to   space 3072K, 0% used [0x00000000ff580000,0x00000000ff580000,0x00000000ff880000)
 ParOldGen       total 86016K, used 9658K [0x0000000082000000, 0x0000000087400000, 0x00000000d6000000)
  object space 86016K, 11% used [0x0000000082000000,0x000000008296ea88,0x0000000087400000)
 Metaspace       used 12613K, capacity 12814K, committed 13184K, reserved 1060864K
  class space    used 1230K, capacity 1282K, committed 1408K, reserved 1048576K
}
Event: 24.772 GC heap before
{Heap before GC invocations=162 (full 0):
 PSYoungGen      total 645632K, used 645195K [0x00000000d6000000, 0x00000000ff880000, 0x0000000100000000)
  eden space 640000K, 99% used [0x00000000d6000000,0x00000000fd0afc80,0x00000000fd100000)
  from space 5632K, 97% used [0x00000000ff000000,0x00000000ff5631b8,0x00000000ff580000)
  to   space 3072K, 0% used [0x00000000ff580000,0x00000000ff580000,0x00000000ff880000)
 ParOldGen       total 86016K, used 9658K [0x0000000082000000, 0x0000000087400000, 0x00000000d6000000)
  object space 86016K, 11% used [0x0000000082000000,0x000000008296ea88,0x0000000087400000)
 Metaspace       used 12613K, capacity 12814K, committed 13184K, reserved 1060864K
  class space    used 1230K, capacity 1282K, committed 1408K, reserved 1048576K
Event: 24.778 GC heap after
Heap after GC invocations=162 (full 0):
 PSYoungGen      total 672256K, used 1889K [0x00000000d6000000, 0x0000000100000000, 0x0000000100000000)
  eden space 669184K, 0% used [0x00000000d6000000,0x00000000d6000000,0x00000000fed80000)
  from space 3072K, 61% used [0x00000000ff580000,0x00000000ff7585e0,0x00000000ff880000)
  to   space 8192K, 0% used [0x00000000fed80000,0x00000000fed80000,0x00000000ff580000)
 ParOldGen       total 86016K, used 13309K [0x0000000082000000, 0x0000000087400000, 0x00000000d6000000)
  object space 86016K, 15% used [0x0000000082000000,0x0000000082cff630,0x0000000087400000)
 Metaspace       used 12613K, capacity 12814K, committed 13184K, reserved 1060864K
  class space    used 1230K, capacity 1282K, committed 1408K, reserved 1048576K
}
Event: 24.934 GC heap before
{Heap before GC invocations=163 (full 0):
 PSYoungGen      total 672256K, used 670300K [0x00000000d6000000, 0x0000000100000000, 0x0000000100000000)
  eden space 669184K, 99% used [0x00000000d6000000,0x00000000fecbec70,0x00000000fed80000)
  from space 3072K, 61% used [0x00000000ff580000,0x00000000ff7585e0,0x00000000ff880000)
  to   space 8192K, 0% used [0x00000000fed80000,0x00000000fed80000,0x00000000ff580000)
 ParOldGen       total 86016K, used 13309K [0x0000000082000000, 0x0000000087400000, 0x00000000d6000000)
  object space 86016K, 15% used [0x0000000082000000,0x0000000082cff630,0x0000000087400000)
 Metaspace       used 12613K, capacity 12814K, committed 13184K, reserved 1060864K
  class space    used 1230K, capacity 1282K, committed 1408K, reserved 1048576K
Event: 24.936 GC heap after
Heap after GC invocations=163 (full 0):
 PSYoungGen      total 677376K, used 1897K [0x00000000d6000000, 0x0000000100000000, 0x0000000100000000)
  eden space 669184K, 0% used [0x00000000d6000000,0x00000000d6000000,0x00000000fed80000)
  from space 8192K, 23% used [0x00000000fed80000,0x00000000fef5a7a8,0x00000000ff580000)
  to   space 8192K, 0% used [0x00000000ff800000,0x00000000ff800000,0x0000000100000000)
 ParOldGen       total 86016K, used 13309K [0x0000000082000000, 0x0000000087400000, 0x00000000d6000000)
  object space 86016K, 15% used [0x0000000082000000,0x0000000082cff630,0x0000000087400000)
 Metaspace       used 12613K, capacity 12814K, committed 13184K, reserved 1060864K
  class space    used 1230K, capacity 1282K, committed 1408K, reserved 1048576K
}

Deoptimization events (10 events):
Event: 25.105 Thread 0x000000000251d800 Uncommon trap: reason=array_check action=maybe_recompile pc=0x0000000002918d28 method=java.util.AbstractCollection.toArray([Ljava/lang/Object;)[Ljava/lang/Object; @ 119
Event: 25.105 Thread 0x000000000251d800 Uncommon trap: reason=array_check action=maybe_recompile pc=0x0000000002918d28 method=java.util.AbstractCollection.toArray([Ljava/lang/Object;)[Ljava/lang/Object; @ 119
Event: 25.169 Thread 0x000000000251d800 Uncommon trap: reason=unstable_if action=reinterpret pc=0x000000000292fd8c method=java.lang.Integer.parseInt(Ljava/lang/String;I)I @ 108
Event: 25.213 Thread 0x000000000251d800 Uncommon trap: reason=unstable_if action=reinterpret pc=0x00000000028faf00 method=java.util.Arrays.copyOf([Ljava/lang/Object;ILjava/lang/Class;)[Ljava/lang/Object; @ 3
Event: 25.274 Thread 0x000000000251d800 Uncommon trap: reason=class_check action=maybe_recompile pc=0x000000000292cf20 method=java.util.AbstractCollection.toArray([Ljava/lang/Object;)[Ljava/lang/Object; @ 1
Event: 25.274 Thread 0x000000000251d800 Uncommon trap: reason=class_check action=maybe_recompile pc=0x000000000292cf20 method=java.util.AbstractCollection.toArray([Ljava/lang/Object;)[Ljava/lang/Object; @ 1
Event: 25.389 Thread 0x0000000018e6e000 Uncommon trap: reason=unstable_if action=reinterpret pc=0x00000000028f3034 method=java.lang.String.trim()Ljava/lang/String; @ 23
Event: 25.389 Thread 0x0000000018e6e000 Uncommon trap: reason=unstable_if action=reinterpret pc=0x0000000002933544 method=java.lang.Integer.parseInt(Ljava/lang/String;I)I @ 1
Event: 25.397 Thread 0x0000000018e6e000 Uncommon trap: reason=unstable_if action=reinterpret pc=0x000000000287f5e8 method=java.lang.AbstractStringBuilder.append(I)Ljava/lang/AbstractStringBuilder; @ 16
Event: 26.003 Thread 0x0000000018e6e000 Uncommon trap: reason=unstable_if action=reinterpret pc=0x0000000002978408 method=java.util.LinkedList.node(I)Ljava/util/LinkedList$Node; @ 7

Internal exceptions (10 events):
Event: 0.189 Thread 0x000000000251d800 Exception <a 'java/security/PrivilegedActionException'> (0x00000000d624dfc0) thrown at [C:\re\workspace\8-2-build-windows-amd64-cygwin\jdk8u111\7883\hotspot\src\share\vm\prims\jvm.cpp, line 1386]
Event: 0.189 Thread 0x000000000251d800 Exception <a 'java/security/PrivilegedActionException'> (0x00000000d6251ea8) thrown at [C:\re\workspace\8-2-build-windows-amd64-cygwin\jdk8u111\7883\hotspot\src\share\vm\prims\jvm.cpp, line 1386]
Event: 0.189 Thread 0x000000000251d800 Exception <a 'java/security/PrivilegedActionException'> (0x00000000d62520b8) thrown at [C:\re\workspace\8-2-build-windows-amd64-cygwin\jdk8u111\7883\hotspot\src\share\vm\prims\jvm.cpp, line 1386]
Event: 0.594 Thread 0x000000000251d800 Exception <a 'java/io/IOException': CreateProcess error=5, Acesso negado> (0x00000000d6305b18) thrown at [C:\re\workspace\8-2-build-windows-amd64-cygwin\jdk8u111\7883\hotspot\src\share\vm\prims\jni.cpp, line 735]
Event: 0.914 Thread 0x000000000251d800 Exception <a 'java/lang/NoSuchFieldError': method resolution failed> (0x00000000d64e36f0) thrown at [C:\re\workspace\8-2-build-windows-amd64-cygwin\jdk8u111\7883\hotspot\src\share\vm\prims\methodHandles.cpp, line 1146]
Event: 0.917 Thread 0x000000000251d800 Exception <a 'java/lang/NoSuchFieldError': method resolution failed> (0x00000000d64f0e60) thrown at [C:\re\workspace\8-2-build-windows-amd64-cygwin\jdk8u111\7883\hotspot\src\share\vm\prims\methodHandles.cpp, line 1146]
Event: 1.151 Thread 0x000000000251d800 Exception <a 'java/io/FileNotFoundException'> (0x00000000d667c158) thrown at [C:\re\workspace\8-2-build-windows-amd64-cygwin\jdk8u111\7883\hotspot\src\share\vm\prims\jni.cpp, line 709]
Event: 1.269 Thread 0x000000000251d800 Exception <a 'java/io/FileNotFoundException'> (0x00000000d66b9660) thrown at [C:\re\workspace\8-2-build-windows-amd64-cygwin\jdk8u111\7883\hotspot\src\share\vm\prims\jni.cpp, line 709]
Event: 25.296 Thread 0x000000000251d800 Exception <a 'java/lang/reflect/InvocationTargetException'> (0x00000000ee7b3e08) thrown at [C:\re\workspace\8-2-build-windows-amd64-cygwin\jdk8u111\7883\hotspot\src\share\vm\runtime\reflection.cpp, line 1092]
Event: 25.389 Thread 0x0000000018e6e000 Implicit null exception at 0x0000000002933031 to 0x0000000002933531

Events (10 events):
Event: 26.012 Thread 0x0000000018e6e000 DEOPT PACKING pc=0x00000000029788f3 sp=0x000000002079dc30
Event: 26.012 Thread 0x0000000018e6e000 DEOPT UNPACKING pc=0x000000000266787f sp=0x000000002079d940 mode 0
Event: 26.012 Thread 0x0000000018e6e000 DEOPT PACKING pc=0x00000000029788f3 sp=0x000000002079dc30
Event: 26.012 Thread 0x0000000018e6e000 DEOPT UNPACKING pc=0x000000000266787f sp=0x000000002079d940 mode 0
Event: 26.012 Thread 0x0000000018e6e000 DEOPT PACKING pc=0x00000000029788f3 sp=0x000000002079dc40
Event: 26.012 Thread 0x0000000018e6e000 DEOPT UNPACKING pc=0x000000000266787f sp=0x000000002079d950 mode 0
Event: 26.013 Thread 0x0000000018e6e000 DEOPT PACKING pc=0x00000000029788f3 sp=0x000000002079dc30
Event: 26.013 Thread 0x0000000018e6e000 DEOPT UNPACKING pc=0x000000000266787f sp=0x000000002079d940 mode 0
Event: 26.013 Thread 0x0000000018e6e000 DEOPT PACKING pc=0x00000000029788f3 sp=0x000000002079dc30
Event: 26.013 Thread 0x0000000018e6e000 DEOPT UNPACKING pc=0x000000000266787f sp=0x000000002079d940 mode 0


Dynamic libraries:
0x00007ff6389e0000 - 0x00007ff638a17000 	C:\Program Files\Java\jdk1.8.0_111\bin\java.exe
0x00007ffa47cb0000 - 0x00007ffa47e91000 	C:\Windows\SYSTEM32\ntdll.dll
0x00007ffa45c10000 - 0x00007ffa45cc2000 	C:\Windows\System32\KERNEL32.DLL
0x00007ffa443e0000 - 0x00007ffa44653000 	C:\Windows\System32\KERNELBASE.dll
0x00007ffa462e0000 - 0x00007ffa46381000 	C:\Windows\System32\ADVAPI32.dll
0x00007ffa45eb0000 - 0x00007ffa45f4e000 	C:\Windows\System32\msvcrt.dll
0x00007ffa460d0000 - 0x00007ffa4612b000 	C:\Windows\System32\sechost.dll
0x00007ffa45ae0000 - 0x00007ffa45c04000 	C:\Windows\System32\RPCRT4.dll
0x00007ffa45950000 - 0x00007ffa45ae0000 	C:\Windows\System32\USER32.dll
0x00007ffa443c0000 - 0x00007ffa443e0000 	C:\Windows\System32\win32u.dll
0x00007ffa463d0000 - 0x00007ffa463f8000 	C:\Windows\System32\GDI32.dll
0x00007ffa44660000 - 0x00007ffa447f2000 	C:\Windows\System32\gdi32full.dll
0x00007ffa44130000 - 0x00007ffa441cf000 	C:\Windows\System32\msvcp_win.dll
0x00007ffa44fc0000 - 0x00007ffa450ba000 	C:\Windows\System32\ucrtbase.dll
0x00007ffa37810000 - 0x00007ffa37a79000 	C:\Windows\WinSxS\amd64_microsoft.windows.common-controls_6595b64144ccf1df_6.0.17134.285_none_fb4297e330656775\COMCTL32.dll
0x00007ffa45140000 - 0x00007ffa45463000 	C:\Windows\System32\combase.dll
0x00007ffa450c0000 - 0x00007ffa4513a000 	C:\Windows\System32\bcryptPrimitives.dll
0x00007ffa46390000 - 0x00007ffa463bd000 	C:\Windows\System32\IMM32.DLL
0x0000000074ec0000 - 0x0000000074f92000 	C:\Program Files\Java\jdk1.8.0_111\jre\bin\msvcr100.dll
0x0000000074fa0000 - 0x000000007583a000 	C:\Program Files\Java\jdk1.8.0_111\jre\bin\server\jvm.dll
0x00007ffa45470000 - 0x00007ffa45478000 	C:\Windows\System32\PSAPI.DLL
0x00007ffa40eb0000 - 0x00007ffa40eb9000 	C:\Windows\SYSTEM32\WSOCK32.dll
0x00007ffa403f0000 - 0x00007ffa40413000 	C:\Windows\SYSTEM32\WINMM.dll
0x00007ffa466d0000 - 0x00007ffa4673c000 	C:\Windows\System32\WS2_32.dll
0x00007ffa403e0000 - 0x00007ffa403ea000 	C:\Windows\SYSTEM32\VERSION.dll
0x00007ffa40230000 - 0x00007ffa4025a000 	C:\Windows\SYSTEM32\winmmbase.dll
0x00007ffa440e0000 - 0x00007ffa44129000 	C:\Windows\System32\cfgmgr32.dll
0x0000000074e70000 - 0x0000000074e7f000 	C:\Program Files\Java\jdk1.8.0_111\jre\bin\verify.dll
0x0000000074e40000 - 0x0000000074e69000 	C:\Program Files\Java\jdk1.8.0_111\jre\bin\java.dll
0x0000000074e20000 - 0x0000000074e36000 	C:\Program Files\Java\jdk1.8.0_111\jre\bin\zip.dll
0x00007ffa467e0000 - 0x00007ffa47c20000 	C:\Windows\System32\SHELL32.dll
0x00007ffa46140000 - 0x00007ffa461e9000 	C:\Windows\System32\shcore.dll
0x00007ffa44800000 - 0x00007ffa44f0d000 	C:\Windows\System32\windows.storage.dll
0x00007ffa47c20000 - 0x00007ffa47c71000 	C:\Windows\System32\shlwapi.dll
0x00007ffa43fc0000 - 0x00007ffa43fd1000 	C:\Windows\System32\kernel.appcore.dll
0x00007ffa43ff0000 - 0x00007ffa4400f000 	C:\Windows\System32\profapi.dll
0x00007ffa44010000 - 0x00007ffa4405c000 	C:\Windows\System32\powrprof.dll
0x00007ffa43fe0000 - 0x00007ffa43fea000 	C:\Windows\System32\FLTLIB.DLL
0x00007ffa439f0000 - 0x00007ffa43a07000 	C:\Windows\SYSTEM32\CRYPTSP.dll
0x00007ffa43420000 - 0x00007ffa43453000 	C:\Windows\system32\rsaenh.dll
0x00007ffa43b20000 - 0x00007ffa43b45000 	C:\Windows\SYSTEM32\bcrypt.dll
0x00007ffa43ec0000 - 0x00007ffa43ee8000 	C:\Windows\SYSTEM32\USERENV.dll
0x00007ffa43a10000 - 0x00007ffa43a1b000 	C:\Windows\SYSTEM32\CRYPTBASE.dll
0x0000000074e00000 - 0x0000000074e1a000 	C:\Program Files\Java\jdk1.8.0_111\jre\bin\net.dll
0x00007ffa43840000 - 0x00007ffa438a6000 	C:\Windows\system32\mswsock.dll
0x00007ffa435c0000 - 0x00007ffa435f8000 	C:\Windows\SYSTEM32\IPHLPAPI.DLL
0x00007ffa46130000 - 0x00007ffa46138000 	C:\Windows\System32\NSI.dll
0x00007ffa3a580000 - 0x00007ffa3a596000 	C:\Windows\SYSTEM32\dhcpcsvc6.DLL
0x00007ffa3a560000 - 0x00007ffa3a57a000 	C:\Windows\SYSTEM32\dhcpcsvc.DLL
0x0000000074de0000 - 0x0000000074df1000 	C:\Program Files\Java\jdk1.8.0_111\jre\bin\nio.dll
0x00007ffa32640000 - 0x00007ffa32660000 	C:\Windows\SYSTEM32\apisethost.appexecutionalias.dll
0x00007ffa42320000 - 0x00007ffa423ab000 	C:\Windows\system32\apphelp.dll
0x00000000637c0000 - 0x00000000637cd000 	C:\Users\Diego Felipe\.jogamp_0000\file_cache\jln5267404677847207977\jln1226422986601635860\natives\windows-amd64\gluegen-rt.dll
0x0000000074c40000 - 0x0000000074dd8000 	C:\Program Files\Java\jdk1.8.0_111\jre\bin\awt.dll
0x00007ffa46400000 - 0x00007ffa464c2000 	C:\Windows\System32\OLEAUT32.dll
0x00007ffa42450000 - 0x00007ffa424e8000 	C:\Windows\system32\uxtheme.dll
0x00007ffa45f50000 - 0x00007ffa460c5000 	C:\Windows\System32\MSCTF.dll
0x00007ffa14f50000 - 0x00007ffa14fcf000 	C:\Program Files (x86)\TeamViewer\tv_x64.dll
0x00007ffa45d50000 - 0x00007ffa45ea1000 	C:\Windows\System32\ole32.dll
0x00007ffa42730000 - 0x00007ffa42759000 	C:\Windows\system32\dwmapi.dll
0x0000000072070000 - 0x0000000072077000 	C:\Program Files\Java\jdk1.8.0_111\jre\bin\jawt.dll
0x000000006a440000 - 0x000000006a44d000 	C:\Users\Diego Felipe\.jogamp_0000\file_cache\jln5267404677847207977\jln1226422986601635860\natives\windows-amd64\nativewindow_awt.dll
0x000000006c100000 - 0x000000006c10f000 	C:\Users\Diego Felipe\.jogamp_0000\file_cache\jln5267404677847207977\jln1226422986601635860\natives\windows-amd64\nativewindow_win32.dll
0x00007ffa20ca0000 - 0x00007ffa20dc0000 	C:\Windows\SYSTEM32\OpenGL32.dll
0x00007ffa20bd0000 - 0x00007ffa20bfc000 	C:\Windows\SYSTEM32\GLU32.dll
0x0000000064500000 - 0x00000000645b1000 	C:\Users\Diego Felipe\.jogamp_0000\file_cache\jln5267404677847207977\jln1226422986601635860\natives\windows-amd64\jogl_desktop.dll
0x0000000064340000 - 0x00000000643a2000 	C:\Users\Diego Felipe\.jogamp_0000\file_cache\jln5267404677847207977\jln1226422986601635860\natives\windows-amd64\jogl_mobile.dll
0x00007ff9fda10000 - 0x00007ff9fe769000 	C:\Windows\System32\DriverStore\FileRepository\igdlh64.inf_amd64_aa3a0bcfbcf24a1b\ig9icd64.dll
0x00007ffa40090000 - 0x00007ffa400a3000 	C:\Windows\SYSTEM32\WTSAPI32.dll
0x00007ffa3b8b0000 - 0x00007ffa3ca0f000 	C:\Windows\System32\DriverStore\FileRepository\igdlh64.inf_amd64_aa3a0bcfbcf24a1b\igc64.dll
0x0000000074bf0000 - 0x0000000074c37000 	C:\Program Files\Java\jdk1.8.0_111\jre\bin\fontmanager.dll
0x00007ffa366c0000 - 0x00007ffa36757000 	C:\Windows\System32\TextInputFramework.dll
0x00007ffa3ee20000 - 0x00007ffa3f13e000 	C:\Windows\System32\CoreUIComponents.dll
0x00007ffa42120000 - 0x00007ffa421fa000 	C:\Windows\System32\CoreMessaging.dll
0x00007ffa430b0000 - 0x00007ffa430e1000 	C:\Windows\SYSTEM32\ntmarta.dll
0x00007ffa40640000 - 0x00007ffa4078d000 	C:\Windows\SYSTEM32\wintypes.dll
0x00007ffa0ec40000 - 0x00007ffa0ee09000 	C:\Windows\SYSTEM32\dbghelp.dll

VM Arguments:
jvm_args: -Dfile.encoding=UTF-8 
java_command: Principal
java_class_path (initial): C:\libs\JOGL\gluegen-rt-natives-windows-amd64.jar;C:\libs\JOGL\gluegen-rt-natives-windows-i586.jar;C:\libs\JOGL\gluegen-rt.jar;C:\libs\JOGL\jogl-all-natives-windows-amd64.jar;C:\libs\JOGL\jogl-all-natives-windows-i586.jar;C:\libs\JOGL\jogl-all.jar;C:\Users\Diego Felipe\OneDrive\Programacao\Java\OpenGL - Java\TF - ICG\TF-ICG\build\classes
Launcher Type: SUN_STANDARD

Environment Variables:
CLASSPATH=.;C:\Program Files (x86)\QuickTime\QTSystem\QTJava.zip
PATH=C:\ProgramData\Oracle\Java\javapath;C:\Windows\system32;C:\Windows;C:\Windows\System32\Wbem;C:\Windows\System32\WindowsPowerShell\v1.0\;C:\Windows\System32\OpenSSH\;C:\Program Files (x86)\NVIDIA Corporation\PhysX\Common;c:\Program Files (x86)\Common Files\Ulead Systems\MPEG;C:\Program Files (x86)\QuickTime\QTSystem\;C:\Users\Diego Felipe\AppData\Local\Microsoft\WindowsApps;C:\altera\13.0sp1\modelsim_ase\win32aloem;C:\Users\Diego Felipe\AppData\Local\GitHubDesktop\bin
USERNAME=Diego Felipe
OS=Windows_NT
PROCESSOR_IDENTIFIER=Intel64 Family 6 Model 78 Stepping 3, GenuineIntel



---------------  S Y S T E M  ---------------

OS: Windows 10.0 , 64 bit Build 17134 (10.0.17134.1)

CPU:total 4 (2 cores per cpu, 2 threads per core) family 6 model 78 stepping 3, cmov, cx8, fxsr, mmx, sse, sse2, sse3, ssse3, sse4.1, sse4.2, popcnt, avx, avx2, aes, clmul, erms, 3dnowpref, lzcnt, ht, tsc, tscinvbit, bmi1, bmi2, adx

Memory: 4k page, physical 8252092k(3080604k free), swap 12970684k(4903840k free)

vm_info: Java HotSpot(TM) 64-Bit Server VM (25.111-b14) for windows-amd64 JRE (1.8.0_111-b14), built on Sep 22 2016 19:24:05 by "java_re" with MS VC++ 10.0 (VS2010)

time: Wed Oct 03 17:05:41 2018
elapsed time: 26 seconds (0d 0h 0m 26s)

