#
# A fatal error has been detected by the Java Runtime Environment:
#
#  EXCEPTION_ACCESS_VIOLATION (0xc0000005) at pc=0x00007ff9fda2a18c, pid=6132, tid=0x00000000000030a4
#
# JRE version: Java(TM) SE Runtime Environment (8.0_111-b14) (build 1.8.0_111-b14)
# Java VM: Java HotSpot(TM) 64-Bit Server VM (25.111-b14 mixed mode windows-amd64 compressed oops)
# Problematic frame:
# C  [ig9icd64.dll+0x1a18c]
#
# Failed to write core dump. Minidumps are not enabled by default on client versions of Windows
#
# If you would like to submit a bug report, please visit:
#   http://bugreport.java.com/bugreport/crash.jsp
# The crash happened outside the Java Virtual Machine in native code.
# See problematic frame for where to report the bug.
#

---------------  T H R E A D  ---------------

Current thread (0x000000001a2fc000):  JavaThread "AWT-EventQueue-0" [_thread_in_native, id=12452, stack(0x0000000020000000,0x0000000020100000)]

siginfo: ExceptionCode=0xc0000005, reading address 0x000000011f98eef0

Registers:
RAX=0x00007ff9fda2a18c, RBX=0x000000001b3243a8, RCX=0x000000001f98ef10, RDX=0x000000011f98ef00
RSP=0x00000000200fde30, RBP=0x0000000000000010, RSI=0x00000000ffffffff, RDI=0x0000000000010000
R8 =0x0000000000000010, R9 =0x00007ff9fda10000, R10=0x0000000000000010, R11=0x0000000000000000
R12=0x00000000ffffffff, R13=0x0000000000000000, R14=0x000000001b300080, R15=0x000000001b325568
RIP=0x00007ff9fda2a18c, EFLAGS=0x0000000000010202

Top of Stack: (sp=0x00000000200fde30)
0x00000000200fde30:   000000000101f000 0000000000000009
0x00000000200fde40:   000000000101f000 00007ffa47cc87a4
0x00000000200fde50:   0000000000000000 00007ff9fda98875
0x00000000200fde60:   00007ffa446c7b5e 0000000000000000
0x00000000200fde70:   00000000200fde88 0000000000000000
0x00000000200fde80:   00000000ffffffff 00000000200fde80
0x00000000200fde90:   0000000000000003 000000000102c928
0x00000000200fdea0:   0000000000000001 0000000000000000
0x00000000200fdeb0:   0000000000000000 000000001a2fc000
0x00000000200fdec0:   00000000200fe198 0000000000000000
0x00000000200fded0:   0000000000000000 0000000000000000
0x00000000200fdee0:   000000001b300080 0000000009011bd1
0x00000000200fdef0:   000000001b300080 00007ff9fdbbd31b
0x00000000200fdf00:   00000000ffffffff 0000000000000000
0x00000000200fdf10:   0000000800000001 0000000000000000
0x00000000200fdf20:   000000001b300080 00007ff9fdafdd74 

Instructions: (pc=0x00007ff9fda2a18c)
0x00007ff9fda2a16c:   41 d8 8b 42 dc 89 41 dc 8b 42 e0 89 41 e0 8b 42
0x00007ff9fda2a17c:   e4 89 41 e4 8b 42 e8 89 41 e8 8b 42 ec 89 41 ec
0x00007ff9fda2a18c:   8b 42 f0 89 41 f0 e9 20 03 00 00 48 8b c1 83 e0
0x00007ff9fda2a19c:   0f 74 3a 41 b9 10 00 00 00 4c 2b c8 49 8b c1 49 


Register to memory mapping:

RAX=0x00007ff9fda2a18c is an unknown value
RBX=0x000000001b3243a8 is an unknown value
RCX=0x000000001f98ef10 is an unknown value
RDX=0x000000011f98ef00 is an unknown value
RSP=0x00000000200fde30 is pointing into the stack for thread: 0x000000001a2fc000
RBP=0x0000000000000010 is an unknown value
RSI=0x00000000ffffffff is an unknown value
RDI=0x0000000000010000 is an unknown value
R8 =0x0000000000000010 is an unknown value
R9 =0x00007ff9fda10000 is an unknown value
R10=0x0000000000000010 is an unknown value
R11=0x0000000000000000 is an unknown value
R12=0x00000000ffffffff is an unknown value
R13=0x0000000000000000 is an unknown value
R14=0x000000001b300080 is an unknown value
R15=0x000000001b325568 is an unknown value


Stack: [0x0000000020000000,0x0000000020100000],  sp=0x00000000200fde30,  free space=1015k
Native frames: (J=compiled Java code, j=interpreted, Vv=VM code, C=native code)
C  [ig9icd64.dll+0x1a18c]
C  [ig9icd64.dll+0x88875]
C  [ig9icd64.dll+0x1ad31b]
C  [ig9icd64.dll+0xedd74]
C  [ig9icd64.dll+0x57c790]
C  [ig9icd64.dll+0x57c68f]
C  [OpenGL32.dll+0x3a427]
C  [gdi32full.dll+0x67cce]
C  [nativewindow_win32.dll+0x2b6d]
C  0x0000000002e97f74

Java frames: (J=compiled Java code, j=interpreted, Vv=VM code)
j  jogamp.nativewindow.windows.GDI.SwapBuffers(J)Z+0
j  jogamp.opengl.windows.wgl.WGLUtil.SwapBuffers(J)Z+12
j  jogamp.opengl.windows.wgl.WindowsWGLDrawable.swapBuffersImpl(Z)V+23
j  jogamp.opengl.GLDrawableImpl.swapBuffers()V+67
j  jogamp.opengl.GLDrawableHelper.invokeGLImpl(Lcom/jogamp/opengl/GLDrawable;Lcom/jogamp/opengl/GLContext;Ljava/lang/Runnable;Ljava/lang/Runnable;)V+216
j  jogamp.opengl.GLDrawableHelper.invokeGL(Lcom/jogamp/opengl/GLDrawable;Lcom/jogamp/opengl/GLContext;Ljava/lang/Runnable;Ljava/lang/Runnable;)V+72
j  com.jogamp.opengl.awt.GLCanvas$12.run()V+104
j  java.awt.event.InvocationEvent.dispatch()V+11
j  java.awt.EventQueue.dispatchEventImpl(Ljava/awt/AWTEvent;Ljava/lang/Object;)V+21
j  java.awt.EventQueue.access$500(Ljava/awt/EventQueue;Ljava/awt/AWTEvent;Ljava/lang/Object;)V+3
j  java.awt.EventQueue$3.run()Ljava/lang/Void;+32
j  java.awt.EventQueue$3.run()Ljava/lang/Object;+1
v  ~StubRoutines::call_stub
j  java.security.AccessController.doPrivileged(Ljava/security/PrivilegedAction;Ljava/security/AccessControlContext;)Ljava/lang/Object;+0
j  java.security.ProtectionDomain$JavaSecurityAccessImpl.doIntersectionPrivilege(Ljava/security/PrivilegedAction;Ljava/security/AccessControlContext;Ljava/security/AccessControlContext;)Ljava/lang/Object;+18
j  java.awt.EventQueue.dispatchEvent(Ljava/awt/AWTEvent;)V+46
j  java.awt.EventDispatchThread.pumpOneEventForFilters(I)V+245
j  java.awt.EventDispatchThread.pumpEventsForFilter(ILjava/awt/Conditional;Ljava/awt/EventFilter;)V+35
j  java.awt.EventDispatchThread.pumpEventsForHierarchy(ILjava/awt/Conditional;Ljava/awt/Component;)V+11
j  java.awt.EventDispatchThread.pumpEvents(ILjava/awt/Conditional;)V+4
j  java.awt.EventDispatchThread.pumpEvents(Ljava/awt/Conditional;)V+3
j  java.awt.EventDispatchThread.run()V+9
v  ~StubRoutines::call_stub

---------------  P R O C E S S  ---------------

Java Threads: ( => current thread )
  0x0000000002d7d800 JavaThread "DestroyJavaVM" [_thread_blocked, id=10136, stack(0x0000000002b80000,0x0000000002c80000)]
=>0x000000001a2fc000 JavaThread "AWT-EventQueue-0" [_thread_in_native, id=12452, stack(0x0000000020000000,0x0000000020100000)]
  0x000000001a2fb000 JavaThread "AWT-Shutdown" [_thread_blocked, id=12492, stack(0x000000001ff00000,0x0000000020000000)]
  0x000000001a1d2800 JavaThread "main-FPSAWTAnimator#00-Timer0" [_thread_blocked, id=13280, stack(0x000000001fe00000,0x000000001ff00000)]
  0x000000001a0db800 JavaThread "main-SharedResourceRunner" daemon [_thread_blocked, id=12892, stack(0x000000001af00000,0x000000001b000000)]
  0x0000000019f3c000 JavaThread "AWT-Windows" daemon [_thread_in_native, id=4536, stack(0x000000001a860000,0x000000001a960000)]
  0x0000000019f3a000 JavaThread "Java2D Disposer" daemon [_thread_blocked, id=13048, stack(0x000000001a660000,0x000000001a760000)]
  0x00000000179cc000 JavaThread "Service Thread" daemon [_thread_blocked, id=208, stack(0x00000000197d0000,0x00000000198d0000)]
  0x0000000017975000 JavaThread "C1 CompilerThread2" daemon [_thread_blocked, id=12948, stack(0x00000000192d0000,0x00000000193d0000)]
  0x0000000017971000 JavaThread "C2 CompilerThread1" daemon [_thread_blocked, id=11752, stack(0x00000000191d0000,0x00000000192d0000)]
  0x000000001796d000 JavaThread "C2 CompilerThread0" daemon [_thread_blocked, id=10628, stack(0x00000000190d0000,0x00000000191d0000)]
  0x000000001796b800 JavaThread "Attach Listener" daemon [_thread_blocked, id=7588, stack(0x0000000018fd0000,0x00000000190d0000)]
  0x000000001796a800 JavaThread "Signal Dispatcher" daemon [_thread_blocked, id=6064, stack(0x0000000018ed0000,0x0000000018fd0000)]
  0x000000001795a800 JavaThread "Finalizer" daemon [_thread_blocked, id=1556, stack(0x0000000018bc0000,0x0000000018cc0000)]
  0x0000000002e6f000 JavaThread "Reference Handler" daemon [_thread_blocked, id=12472, stack(0x0000000018ac0000,0x0000000018bc0000)]

Other Threads:
  0x0000000017937800 VMThread [stack: 0x00000000189c0000,0x0000000018ac0000] [id=11000]
  0x0000000019412000 WatcherThread [stack: 0x0000000019a20000,0x0000000019b20000] [id=10328]

VM state:not at safepoint (normal execution)

VM Mutex/Monitor currently owned by a thread: None

Heap:
 PSYoungGen      total 679424K, used 625123K [0x00000000d6000000, 0x0000000100000000, 0x0000000100000000)
  eden space 670720K, 92% used [0x00000000d6000000,0x00000000fbd0af98,0x00000000fef00000)
  from space 8704K, 63% used [0x00000000fef00000,0x00000000ff46dea0,0x00000000ff780000)
  to   space 8704K, 0% used [0x00000000ff780000,0x00000000ff780000,0x0000000100000000)
 ParOldGen       total 86016K, used 9947K [0x0000000082000000, 0x0000000087400000, 0x00000000d6000000)
  object space 86016K, 11% used [0x0000000082000000,0x00000000829b6ec0,0x0000000087400000)
 Metaspace       used 15462K, capacity 15726K, committed 16128K, reserved 1062912K
  class space    used 1595K, capacity 1677K, committed 1792K, reserved 1048576K

Card table byte_map: [0x0000000012240000,0x0000000012640000] byte_map_base: 0x0000000011e30000

Marking Bits: (ParMarkBitMap*) 0x00000000757ba6c0
 Begin Bits: [0x0000000012ce0000, 0x0000000014c60000)
 End Bits:   [0x0000000014c60000, 0x0000000016be0000)

Polling page: 0x0000000000f70000

CodeCache: size=245760Kb used=3417Kb max_used=3424Kb free=242342Kb
 bounds [0x0000000002e80000, 0x00000000031e0000, 0x0000000011e80000]
 total_blobs=1591 nmethods=791 adapters=713
 compilation: enabled

Compilation events (10 events):
Event: 25.924 Thread 0x0000000017975000  787       3       java.lang.Exception::<init> (6 bytes)
Event: 25.925 Thread 0x0000000017975000 nmethod 787 0x00000000031d5b50 code [0x00000000031d5ce0, 0x00000000031d62c8]
Event: 25.925 Thread 0x0000000017975000  788       3       java.lang.RuntimeException::<init> (6 bytes)
Event: 25.925 Thread 0x0000000017975000 nmethod 788 0x00000000031cd4d0 code [0x00000000031cd640, 0x00000000031cd828]
Event: 25.925 Thread 0x0000000017975000  789       3       java.lang.ArrayIndexOutOfBoundsException::<init> (6 bytes)
Event: 25.925 Thread 0x0000000017975000 nmethod 789 0x00000000031d6490 code [0x00000000031d6600, 0x00000000031d68a8]
Event: 25.968 Thread 0x0000000017971000  790   !   4       Graphics.Renderer::drawTriangle (251 bytes)
Event: 25.974 Thread 0x000000001796d000  791       4       jogamp.opengl.gl4.GL4bcImpl::glBegin (49 bytes)
Event: 25.975 Thread 0x000000001796d000 nmethod 791 0x00000000031cd1d0 code [0x00000000031cd320, 0x00000000031cd3e8]
Event: 25.980 Thread 0x0000000017971000 nmethod 790 0x00000000031d96d0 code [0x00000000031d99c0, 0x00000000031da9b8]

GC Heap History (10 events):
Event: 24.819 GC heap before
{Heap before GC invocations=159 (full 0):
 PSYoungGen      total 679936K, used 671813K [0x00000000d6000000, 0x0000000100000000, 0x0000000100000000)
  eden space 671232K, 99% used [0x00000000d6000000,0x00000000fee41e00,0x00000000fef80000)
  from space 8704K, 21% used [0x00000000ff780000,0x00000000ff94f648,0x0000000100000000)
  to   space 8192K, 0% used [0x00000000fef80000,0x00000000fef80000,0x00000000ff780000)
 ParOldGen       total 86016K, used 9947K [0x0000000082000000, 0x0000000087400000, 0x00000000d6000000)
  object space 86016K, 11% used [0x0000000082000000,0x00000000829b6ec0,0x0000000087400000)
 Metaspace       used 12609K, capacity 12814K, committed 13184K, reserved 1060864K
  class space    used 1231K, capacity 1282K, committed 1408K, reserved 1048576K
Event: 24.820 GC heap after
Heap after GC invocations=159 (full 0):
 PSYoungGen      total 679424K, used 5458K [0x00000000d6000000, 0x0000000100000000, 0x0000000100000000)
  eden space 671232K, 0% used [0x00000000d6000000,0x00000000d6000000,0x00000000fef80000)
  from space 8192K, 66% used [0x00000000fef80000,0x00000000ff4d4950,0x00000000ff780000)
  to   space 8704K, 0% used [0x00000000ff780000,0x00000000ff780000,0x0000000100000000)
 ParOldGen       total 86016K, used 9947K [0x0000000082000000, 0x0000000087400000, 0x00000000d6000000)
  object space 86016K, 11% used [0x0000000082000000,0x00000000829b6ec0,0x0000000087400000)
 Metaspace       used 12609K, capacity 12814K, committed 13184K, reserved 1060864K
  class space    used 1231K, capacity 1282K, committed 1408K, reserved 1048576K
}
Event: 24.968 GC heap before
{Heap before GC invocations=160 (full 0):
 PSYoungGen      total 679424K, used 674918K [0x00000000d6000000, 0x0000000100000000, 0x0000000100000000)
  eden space 671232K, 99% used [0x00000000d6000000,0x00000000fedc4fd0,0x00000000fef80000)
  from space 8192K, 66% used [0x00000000fef80000,0x00000000ff4d4950,0x00000000ff780000)
  to   space 8704K, 0% used [0x00000000ff780000,0x00000000ff780000,0x0000000100000000)
 ParOldGen       total 86016K, used 9947K [0x0000000082000000, 0x0000000087400000, 0x00000000d6000000)
  object space 86016K, 11% used [0x0000000082000000,0x00000000829b6ec0,0x0000000087400000)
 Metaspace       used 12609K, capacity 12814K, committed 13184K, reserved 1060864K
  class space    used 1231K, capacity 1282K, committed 1408K, reserved 1048576K
Event: 24.971 GC heap after
Heap after GC invocations=160 (full 0):
 PSYoungGen      total 679424K, used 1838K [0x00000000d6000000, 0x0000000100000000, 0x0000000100000000)
  eden space 670720K, 0% used [0x00000000d6000000,0x00000000d6000000,0x00000000fef00000)
  from space 8704K, 21% used [0x00000000ff780000,0x00000000ff94ba98,0x0000000100000000)
  to   space 8704K, 0% used [0x00000000fef00000,0x00000000fef00000,0x00000000ff780000)
 ParOldGen       total 86016K, used 9947K [0x0000000082000000, 0x0000000087400000, 0x00000000d6000000)
  object space 86016K, 11% used [0x0000000082000000,0x00000000829b6ec0,0x0000000087400000)
 Metaspace       used 12609K, capacity 12814K, committed 13184K, reserved 1060864K
  class space    used 1231K, capacity 1282K, committed 1408K, reserved 1048576K
}
Event: 25.130 GC heap before
{Heap before GC invocations=161 (full 0):
 PSYoungGen      total 679424K, used 670776K [0x00000000d6000000, 0x0000000100000000, 0x0000000100000000)
  eden space 670720K, 99% used [0x00000000d6000000,0x00000000fed42568,0x00000000fef00000)
  from space 8704K, 21% used [0x00000000ff780000,0x00000000ff94ba98,0x0000000100000000)
  to   space 8704K, 0% used [0x00000000fef00000,0x00000000fef00000,0x00000000ff780000)
 ParOldGen       total 86016K, used 9947K [0x0000000082000000, 0x0000000087400000, 0x00000000d6000000)
  object space 86016K, 11% used [0x0000000082000000,0x00000000829b6ec0,0x0000000087400000)
 Metaspace       used 12609K, capacity 12814K, committed 13184K, reserved 1060864K
  class space    used 1231K, capacity 1282K, committed 1408K, reserved 1048576K
Event: 25.132 GC heap after
Heap after GC invocations=161 (full 0):
 PSYoungGen      total 679424K, used 5509K [0x00000000d6000000, 0x0000000100000000, 0x0000000100000000)
  eden space 670720K, 0% used [0x00000000d6000000,0x00000000d6000000,0x00000000fef00000)
  from space 8704K, 63% used [0x00000000fef00000,0x00000000ff461520,0x00000000ff780000)
  to   space 8704K, 0% used [0x00000000ff780000,0x00000000ff780000,0x0000000100000000)
 ParOldGen       total 86016K, used 9947K [0x0000000082000000, 0x0000000087400000, 0x00000000d6000000)
  object space 86016K, 11% used [0x0000000082000000,0x00000000829b6ec0,0x0000000087400000)
 Metaspace       used 12609K, capacity 12814K, committed 13184K, reserved 1060864K
  class space    used 1231K, capacity 1282K, committed 1408K, reserved 1048576K
}
Event: 25.285 GC heap before
{Heap before GC invocations=162 (full 0):
 PSYoungGen      total 679424K, used 675670K [0x00000000d6000000, 0x0000000100000000, 0x0000000100000000)
  eden space 670720K, 99% used [0x00000000d6000000,0x00000000fee743c8,0x00000000fef00000)
  from space 8704K, 63% used [0x00000000fef00000,0x00000000ff461520,0x00000000ff780000)
  to   space 8704K, 0% used [0x00000000ff780000,0x00000000ff780000,0x0000000100000000)
 ParOldGen       total 86016K, used 9947K [0x0000000082000000, 0x0000000087400000, 0x00000000d6000000)
  object space 86016K, 11% used [0x0000000082000000,0x00000000829b6ec0,0x0000000087400000)
 Metaspace       used 12609K, capacity 12814K, committed 13184K, reserved 1060864K
  class space    used 1231K, capacity 1282K, committed 1408K, reserved 1048576K
Event: 25.287 GC heap after
Heap after GC invocations=162 (full 0):
 PSYoungGen      total 679424K, used 5534K [0x00000000d6000000, 0x0000000100000000, 0x0000000100000000)
  eden space 670720K, 0% used [0x00000000d6000000,0x00000000d6000000,0x00000000fef00000)
  from space 8704K, 63% used [0x00000000ff780000,0x00000000ffce7a78,0x0000000100000000)
  to   space 8704K, 0% used [0x00000000fef00000,0x00000000fef00000,0x00000000ff780000)
 ParOldGen       total 86016K, used 9947K [0x0000000082000000, 0x0000000087400000, 0x00000000d6000000)
  object space 86016K, 11% used [0x0000000082000000,0x00000000829b6ec0,0x0000000087400000)
 Metaspace       used 12609K, capacity 12814K, committed 13184K, reserved 1060864K
  class space    used 1231K, capacity 1282K, committed 1408K, reserved 1048576K
}
Event: 25.443 GC heap before
{Heap before GC invocations=163 (full 0):
 PSYoungGen      total 679424K, used 675099K [0x00000000d6000000, 0x0000000100000000, 0x0000000100000000)
  eden space 670720K, 99% used [0x00000000d6000000,0x00000000feddf1d0,0x00000000fef00000)
  from space 8704K, 63% used [0x00000000ff780000,0x00000000ffce7a78,0x0000000100000000)
  to   space 8704K, 0% used [0x00000000fef00000,0x00000000fef00000,0x00000000ff780000)
 ParOldGen       total 86016K, used 9947K [0x0000000082000000, 0x0000000087400000, 0x00000000d6000000)
  object space 86016K, 11% used [0x0000000082000000,0x00000000829b6ec0,0x0000000087400000)
 Metaspace       used 12609K, capacity 12814K, committed 13184K, reserved 1060864K
  class space    used 1231K, capacity 1282K, committed 1408K, reserved 1048576K
Event: 25.445 GC heap after
Heap after GC invocations=163 (full 0):
 PSYoungGen      total 679424K, used 5559K [0x00000000d6000000, 0x0000000100000000, 0x0000000100000000)
  eden space 670720K, 0% used [0x00000000d6000000,0x00000000d6000000,0x00000000fef00000)
  from space 8704K, 63% used [0x00000000fef00000,0x00000000ff46dea0,0x00000000ff780000)
  to   space 8704K, 0% used [0x00000000ff780000,0x00000000ff780000,0x0000000100000000)
 ParOldGen       total 86016K, used 9947K [0x0000000082000000, 0x0000000087400000, 0x00000000d6000000)
  object space 86016K, 11% used [0x0000000082000000,0x00000000829b6ec0,0x0000000087400000)
 Metaspace       used 12609K, capacity 12814K, committed 13184K, reserved 1060864K
  class space    used 1231K, capacity 1282K, committed 1408K, reserved 1048576K
}

Deoptimization events (10 events):
Event: 25.616 Thread 0x0000000002d7d800 Uncommon trap: reason=array_check action=maybe_recompile pc=0x000000000314f924 method=java.util.AbstractCollection.toArray([Ljava/lang/Object;)[Ljava/lang/Object; @ 119
Event: 25.616 Thread 0x0000000002d7d800 Uncommon trap: reason=array_check action=maybe_recompile pc=0x000000000314f924 method=java.util.AbstractCollection.toArray([Ljava/lang/Object;)[Ljava/lang/Object; @ 119
Event: 25.616 Thread 0x0000000002d7d800 Uncommon trap: reason=array_check action=maybe_recompile pc=0x000000000314f924 method=java.util.AbstractCollection.toArray([Ljava/lang/Object;)[Ljava/lang/Object; @ 119
Event: 25.690 Thread 0x0000000002d7d800 Uncommon trap: reason=unstable_if action=reinterpret pc=0x000000000317770c method=java.lang.Integer.parseInt(Ljava/lang/String;I)I @ 108
Event: 25.726 Thread 0x0000000002d7d800 Uncommon trap: reason=unstable_if action=reinterpret pc=0x0000000003154680 method=java.util.Arrays.copyOf([Ljava/lang/Object;ILjava/lang/Class;)[Ljava/lang/Object; @ 3
Event: 25.773 Thread 0x0000000002d7d800 Uncommon trap: reason=class_check action=maybe_recompile pc=0x0000000003160de4 method=java.util.AbstractCollection.toArray([Ljava/lang/Object;)[Ljava/lang/Object; @ 1
Event: 25.773 Thread 0x0000000002d7d800 Uncommon trap: reason=class_check action=maybe_recompile pc=0x0000000003160de4 method=java.util.AbstractCollection.toArray([Ljava/lang/Object;)[Ljava/lang/Object; @ 1
Event: 25.910 Thread 0x000000001a2fc000 Uncommon trap: reason=unstable_if action=reinterpret pc=0x000000000313d5b4 method=java.lang.String.trim()Ljava/lang/String; @ 23
Event: 25.910 Thread 0x000000001a2fc000 Uncommon trap: reason=unstable_if action=reinterpret pc=0x0000000003161d24 method=java.lang.Integer.parseInt(Ljava/lang/String;I)I @ 1
Event: 25.917 Thread 0x000000001a2fc000 Uncommon trap: reason=range_check action=make_not_entrant pc=0x00000000030cc0a4 method=java.util.ArrayList.elementData(I)Ljava/lang/Object; @ 5

Internal exceptions (10 events):
Event: 25.980 Thread 0x000000001a2fc000 Exception <a 'java/lang/ArrayIndexOutOfBoundsException'> (0x00000000f98ec188) thrown at [C:\re\workspace\8-2-build-windows-amd64-cygwin\jdk8u111\7883\hotspot\src\share\vm\runtime\sharedRuntime.cpp, line 605]
Event: 25.980 Thread 0x000000001a2fc000 Exception <a 'java/lang/ArrayIndexOutOfBoundsException'> (0x00000000f98ec3c0) thrown at [C:\re\workspace\8-2-build-windows-amd64-cygwin\jdk8u111\7883\hotspot\src\share\vm\runtime\sharedRuntime.cpp, line 605]
Event: 25.980 Thread 0x000000001a2fc000 Exception <a 'java/lang/ArrayIndexOutOfBoundsException'> (0x00000000f98ec5f8) thrown at [C:\re\workspace\8-2-build-windows-amd64-cygwin\jdk8u111\7883\hotspot\src\share\vm\runtime\sharedRuntime.cpp, line 605]
Event: 25.980 Thread 0x000000001a2fc000 Exception <a 'java/lang/ArrayIndexOutOfBoundsException'> (0x00000000f98ec830) thrown at [C:\re\workspace\8-2-build-windows-amd64-cygwin\jdk8u111\7883\hotspot\src\share\vm\runtime\sharedRuntime.cpp, line 605]
Event: 25.980 Thread 0x000000001a2fc000 Exception <a 'java/lang/ArrayIndexOutOfBoundsException'> (0x00000000f98eca68) thrown at [C:\re\workspace\8-2-build-windows-amd64-cygwin\jdk8u111\7883\hotspot\src\share\vm\runtime\sharedRuntime.cpp, line 605]
Event: 25.980 Thread 0x000000001a2fc000 Exception <a 'java/lang/ArrayIndexOutOfBoundsException'> (0x00000000f98ecca0) thrown at [C:\re\workspace\8-2-build-windows-amd64-cygwin\jdk8u111\7883\hotspot\src\share\vm\runtime\sharedRuntime.cpp, line 605]
Event: 25.980 Thread 0x000000001a2fc000 Exception <a 'java/lang/ArrayIndexOutOfBoundsException'> (0x00000000f98eced8) thrown at [C:\re\workspace\8-2-build-windows-amd64-cygwin\jdk8u111\7883\hotspot\src\share\vm\runtime\sharedRuntime.cpp, line 605]
Event: 25.980 Thread 0x000000001a2fc000 Exception <a 'java/lang/ArrayIndexOutOfBoundsException'> (0x00000000f98ed110) thrown at [C:\re\workspace\8-2-build-windows-amd64-cygwin\jdk8u111\7883\hotspot\src\share\vm\runtime\sharedRuntime.cpp, line 605]
Event: 25.980 Thread 0x000000001a2fc000 Exception <a 'java/lang/ArrayIndexOutOfBoundsException'> (0x00000000f98ed348) thrown at [C:\re\workspace\8-2-build-windows-amd64-cygwin\jdk8u111\7883\hotspot\src\share\vm\runtime\sharedRuntime.cpp, line 605]
Event: 25.980 Thread 0x000000001a2fc000 Exception <a 'java/lang/ArrayIndexOutOfBoundsException'> (0x00000000f98ed580) thrown at [C:\re\workspace\8-2-build-windows-amd64-cygwin\jdk8u111\7883\hotspot\src\share\vm\runtime\sharedRuntime.cpp, line 605]

Events (10 events):
Event: 25.900 loading class java/text/AttributedString$AttributedStringIterator done
Event: 25.910 Thread 0x000000001a2fc000 Uncommon trap: trap_request=0xffffff65 fr.pc=0x000000000313d5b4
Event: 25.910 Thread 0x000000001a2fc000 DEOPT PACKING pc=0x000000000313d5b4 sp=0x00000000200fdde0
Event: 25.910 Thread 0x000000001a2fc000 DEOPT UNPACKING pc=0x0000000002ec582a sp=0x00000000200fdd78 mode 2
Event: 25.910 Thread 0x000000001a2fc000 Uncommon trap: trap_request=0xffffff65 fr.pc=0x0000000003161d24
Event: 25.910 Thread 0x000000001a2fc000 DEOPT PACKING pc=0x0000000003161d24 sp=0x00000000200fdc40
Event: 25.910 Thread 0x000000001a2fc000 DEOPT UNPACKING pc=0x0000000002ec582a sp=0x00000000200fdbc8 mode 2
Event: 25.917 Thread 0x000000001a2fc000 Uncommon trap: trap_request=0xffffffe4 fr.pc=0x00000000030cc0a4
Event: 25.917 Thread 0x000000001a2fc000 DEOPT PACKING pc=0x00000000030cc0a4 sp=0x00000000200fe030
Event: 25.917 Thread 0x000000001a2fc000 DEOPT UNPACKING pc=0x0000000002ec582a sp=0x00000000200fdf80 mode 2


Dynamic libraries:
0x00007ff6389e0000 - 0x00007ff638a17000 	C:\Program Files\Java\jdk1.8.0_111\bin\java.exe
0x00007ffa47cb0000 - 0x00007ffa47e91000 	C:\Windows\SYSTEM32\ntdll.dll
0x00007ffa45c10000 - 0x00007ffa45cc2000 	C:\Windows\System32\KERNEL32.DLL
0x00007ffa443e0000 - 0x00007ffa44653000 	C:\Windows\System32\KERNELBASE.dll
0x00007ffa462e0000 - 0x00007ffa46381000 	C:\Windows\System32\ADVAPI32.dll
0x00007ffa45eb0000 - 0x00007ffa45f4e000 	C:\Windows\System32\msvcrt.dll
0x00007ffa460d0000 - 0x00007ffa4612b000 	C:\Windows\System32\sechost.dll
0x00007ffa45ae0000 - 0x00007ffa45c04000 	C:\Windows\System32\RPCRT4.dll
0x00007ffa45950000 - 0x00007ffa45ae0000 	C:\Windows\System32\USER32.dll
0x00007ffa443c0000 - 0x00007ffa443e0000 	C:\Windows\System32\win32u.dll
0x00007ffa463d0000 - 0x00007ffa463f8000 	C:\Windows\System32\GDI32.dll
0x00007ffa44660000 - 0x00007ffa447f2000 	C:\Windows\System32\gdi32full.dll
0x00007ffa44130000 - 0x00007ffa441cf000 	C:\Windows\System32\msvcp_win.dll
0x00007ffa44fc0000 - 0x00007ffa450ba000 	C:\Windows\System32\ucrtbase.dll
0x00007ffa37810000 - 0x00007ffa37a79000 	C:\Windows\WinSxS\amd64_microsoft.windows.common-controls_6595b64144ccf1df_6.0.17134.285_none_fb4297e330656775\COMCTL32.dll
0x00007ffa45140000 - 0x00007ffa45463000 	C:\Windows\System32\combase.dll
0x00007ffa450c0000 - 0x00007ffa4513a000 	C:\Windows\System32\bcryptPrimitives.dll
0x00007ffa46390000 - 0x00007ffa463bd000 	C:\Windows\System32\IMM32.DLL
0x0000000074ec0000 - 0x0000000074f92000 	C:\Program Files\Java\jdk1.8.0_111\jre\bin\msvcr100.dll
0x0000000074fa0000 - 0x000000007583a000 	C:\Program Files\Java\jdk1.8.0_111\jre\bin\server\jvm.dll
0x00007ffa45470000 - 0x00007ffa45478000 	C:\Windows\System32\PSAPI.DLL
0x00007ffa40eb0000 - 0x00007ffa40eb9000 	C:\Windows\SYSTEM32\WSOCK32.dll
0x00007ffa466d0000 - 0x00007ffa4673c000 	C:\Windows\System32\WS2_32.dll
0x00007ffa403f0000 - 0x00007ffa40413000 	C:\Windows\SYSTEM32\WINMM.dll
0x00007ffa403e0000 - 0x00007ffa403ea000 	C:\Windows\SYSTEM32\VERSION.dll
0x00007ffa40230000 - 0x00007ffa4025a000 	C:\Windows\SYSTEM32\WINMMBASE.dll
0x00007ffa440e0000 - 0x00007ffa44129000 	C:\Windows\System32\cfgmgr32.dll
0x0000000074e70000 - 0x0000000074e7f000 	C:\Program Files\Java\jdk1.8.0_111\jre\bin\verify.dll
0x0000000074e40000 - 0x0000000074e69000 	C:\Program Files\Java\jdk1.8.0_111\jre\bin\java.dll
0x0000000074e20000 - 0x0000000074e36000 	C:\Program Files\Java\jdk1.8.0_111\jre\bin\zip.dll
0x00007ffa467e0000 - 0x00007ffa47c20000 	C:\Windows\System32\SHELL32.dll
0x00007ffa46140000 - 0x00007ffa461e9000 	C:\Windows\System32\shcore.dll
0x00007ffa44800000 - 0x00007ffa44f0d000 	C:\Windows\System32\windows.storage.dll
0x00007ffa47c20000 - 0x00007ffa47c71000 	C:\Windows\System32\shlwapi.dll
0x00007ffa43fc0000 - 0x00007ffa43fd1000 	C:\Windows\System32\kernel.appcore.dll
0x00007ffa43ff0000 - 0x00007ffa4400f000 	C:\Windows\System32\profapi.dll
0x00007ffa44010000 - 0x00007ffa4405c000 	C:\Windows\System32\powrprof.dll
0x00007ffa43fe0000 - 0x00007ffa43fea000 	C:\Windows\System32\FLTLIB.DLL
0x00007ffa439f0000 - 0x00007ffa43a07000 	C:\Windows\SYSTEM32\CRYPTSP.dll
0x00007ffa43420000 - 0x00007ffa43453000 	C:\Windows\system32\rsaenh.dll
0x00007ffa43b20000 - 0x00007ffa43b45000 	C:\Windows\SYSTEM32\bcrypt.dll
0x00007ffa43ec0000 - 0x00007ffa43ee8000 	C:\Windows\SYSTEM32\USERENV.dll
0x00007ffa43a10000 - 0x00007ffa43a1b000 	C:\Windows\SYSTEM32\CRYPTBASE.dll
0x0000000074e00000 - 0x0000000074e1a000 	C:\Program Files\Java\jdk1.8.0_111\jre\bin\net.dll
0x00007ffa43840000 - 0x00007ffa438a6000 	C:\Windows\system32\mswsock.dll
0x00007ffa435c0000 - 0x00007ffa435f8000 	C:\Windows\SYSTEM32\IPHLPAPI.DLL
0x00007ffa46130000 - 0x00007ffa46138000 	C:\Windows\System32\NSI.dll
0x00007ffa3a580000 - 0x00007ffa3a596000 	C:\Windows\SYSTEM32\dhcpcsvc6.DLL
0x00007ffa3a560000 - 0x00007ffa3a57a000 	C:\Windows\SYSTEM32\dhcpcsvc.DLL
0x0000000074de0000 - 0x0000000074df1000 	C:\Program Files\Java\jdk1.8.0_111\jre\bin\nio.dll
0x00007ffa32640000 - 0x00007ffa32660000 	C:\Windows\SYSTEM32\apisethost.appexecutionalias.dll
0x00007ffa42320000 - 0x00007ffa423ab000 	C:\Windows\system32\apphelp.dll
0x00000000637c0000 - 0x00000000637cd000 	C:\Users\Diego Felipe\.jogamp_0000\file_cache\jln8267497509436936517\jln1441172447190604020\natives\windows-amd64\gluegen-rt.dll
0x0000000074c40000 - 0x0000000074dd8000 	C:\Program Files\Java\jdk1.8.0_111\jre\bin\awt.dll
0x00007ffa46400000 - 0x00007ffa464c2000 	C:\Windows\System32\OLEAUT32.dll
0x00007ffa42450000 - 0x00007ffa424e8000 	C:\Windows\system32\uxtheme.dll
0x00007ffa45f50000 - 0x00007ffa460c5000 	C:\Windows\System32\MSCTF.dll
0x00007ffa14f50000 - 0x00007ffa14fcf000 	C:\Program Files (x86)\TeamViewer\tv_x64.dll
0x00007ffa45d50000 - 0x00007ffa45ea1000 	C:\Windows\System32\ole32.dll
0x00007ffa42730000 - 0x00007ffa42759000 	C:\Windows\system32\dwmapi.dll
0x0000000072070000 - 0x0000000072077000 	C:\Program Files\Java\jdk1.8.0_111\jre\bin\jawt.dll
0x000000006a440000 - 0x000000006a44d000 	C:\Users\Diego Felipe\.jogamp_0000\file_cache\jln8267497509436936517\jln1441172447190604020\natives\windows-amd64\nativewindow_awt.dll
0x000000006c100000 - 0x000000006c10f000 	C:\Users\Diego Felipe\.jogamp_0000\file_cache\jln8267497509436936517\jln1441172447190604020\natives\windows-amd64\nativewindow_win32.dll
0x00007ffa20ca0000 - 0x00007ffa20dc0000 	C:\Windows\SYSTEM32\OpenGL32.dll
0x00007ffa20bd0000 - 0x00007ffa20bfc000 	C:\Windows\SYSTEM32\GLU32.dll
0x0000000064500000 - 0x00000000645b1000 	C:\Users\Diego Felipe\.jogamp_0000\file_cache\jln8267497509436936517\jln1441172447190604020\natives\windows-amd64\jogl_desktop.dll
0x0000000064340000 - 0x00000000643a2000 	C:\Users\Diego Felipe\.jogamp_0000\file_cache\jln8267497509436936517\jln1441172447190604020\natives\windows-amd64\jogl_mobile.dll
0x00007ff9fda10000 - 0x00007ff9fe769000 	C:\Windows\System32\DriverStore\FileRepository\igdlh64.inf_amd64_aa3a0bcfbcf24a1b\ig9icd64.dll
0x00007ffa40090000 - 0x00007ffa400a3000 	C:\Windows\SYSTEM32\WTSAPI32.dll
0x00007ffa3b8b0000 - 0x00007ffa3ca0f000 	C:\Windows\System32\DriverStore\FileRepository\igdlh64.inf_amd64_aa3a0bcfbcf24a1b\igc64.dll
0x0000000074bf0000 - 0x0000000074c37000 	C:\Program Files\Java\jdk1.8.0_111\jre\bin\fontmanager.dll
0x00007ffa366c0000 - 0x00007ffa36757000 	C:\Windows\System32\TextInputFramework.dll
0x00007ffa42120000 - 0x00007ffa421fa000 	C:\Windows\System32\CoreMessaging.dll
0x00007ffa3ee20000 - 0x00007ffa3f13e000 	C:\Windows\System32\CoreUIComponents.dll
0x00007ffa40640000 - 0x00007ffa4078d000 	C:\Windows\SYSTEM32\wintypes.dll
0x00007ffa430b0000 - 0x00007ffa430e1000 	C:\Windows\SYSTEM32\ntmarta.dll
0x00007ffa0ec40000 - 0x00007ffa0ee09000 	C:\Windows\SYSTEM32\dbghelp.dll

VM Arguments:
jvm_args: -Dfile.encoding=UTF-8 
java_command: Principal
java_class_path (initial): C:\libs\JOGL\gluegen-rt-natives-windows-amd64.jar;C:\libs\JOGL\gluegen-rt-natives-windows-i586.jar;C:\libs\JOGL\gluegen-rt.jar;C:\libs\JOGL\jogl-all-natives-windows-amd64.jar;C:\libs\JOGL\jogl-all-natives-windows-i586.jar;C:\libs\JOGL\jogl-all.jar;C:\Users\Diego Felipe\OneDrive\Programacao\Java\OpenGL - Java\TF - ICG\TF-ICG\build\classes
Launcher Type: SUN_STANDARD

Environment Variables:
CLASSPATH=.;C:\Program Files (x86)\QuickTime\QTSystem\QTJava.zip
PATH=C:\ProgramData\Oracle\Java\javapath;C:\Windows\system32;C:\Windows;C:\Windows\System32\Wbem;C:\Windows\System32\WindowsPowerShell\v1.0\;C:\Windows\System32\OpenSSH\;C:\Program Files (x86)\NVIDIA Corporation\PhysX\Common;c:\Program Files (x86)\Common Files\Ulead Systems\MPEG;C:\Program Files (x86)\QuickTime\QTSystem\;C:\Users\Diego Felipe\AppData\Local\Microsoft\WindowsApps;C:\altera\13.0sp1\modelsim_ase\win32aloem;C:\Users\Diego Felipe\AppData\Local\GitHubDesktop\bin
USERNAME=Diego Felipe
OS=Windows_NT
PROCESSOR_IDENTIFIER=Intel64 Family 6 Model 78 Stepping 3, GenuineIntel



---------------  S Y S T E M  ---------------

OS: Windows 10.0 , 64 bit Build 17134 (10.0.17134.1)

CPU:total 4 (2 cores per cpu, 2 threads per core) family 6 model 78 stepping 3, cmov, cx8, fxsr, mmx, sse, sse2, sse3, ssse3, sse4.1, sse4.2, popcnt, avx, avx2, aes, clmul, erms, 3dnowpref, lzcnt, ht, tsc, tscinvbit, bmi1, bmi2, adx

Memory: 4k page, physical 8252092k(2855544k free), swap 12970684k(4797728k free)

vm_info: Java HotSpot(TM) 64-Bit Server VM (25.111-b14) for windows-amd64 JRE (1.8.0_111-b14), built on Sep 22 2016 19:24:05 by "java_re" with MS VC++ 10.0 (VS2010)

time: Wed Oct 03 17:02:07 2018
elapsed time: 26 seconds (0d 0h 0m 26s)

