#
# A fatal error has been detected by the Java Runtime Environment:
#
#  EXCEPTION_ACCESS_VIOLATION (0xc0000005) at pc=0x00007ff9fda2a18c, pid=7540, tid=0x0000000000002c7c
#
# JRE version: Java(TM) SE Runtime Environment (8.0_111-b14) (build 1.8.0_111-b14)
# Java VM: Java HotSpot(TM) 64-Bit Server VM (25.111-b14 mixed mode windows-amd64 compressed oops)
# Problematic frame:
# C  [ig9icd64.dll+0x1a18c]
#
# Failed to write core dump. Minidumps are not enabled by default on client versions of Windows
#
# If you would like to submit a bug report, please visit:
#   http://bugreport.java.com/bugreport/crash.jsp
# The crash happened outside the Java Virtual Machine in native code.
# See problematic frame for where to report the bug.
#

---------------  T H R E A D  ---------------

Current thread (0x000000001a689800):  JavaThread "AWT-EventQueue-0" [_thread_in_native, id=11388, stack(0x00000000215f0000,0x00000000216f0000)]

siginfo: ExceptionCode=0xc0000005, reading address 0x0000000120071120

Registers:
RAX=0x00007ff9fda2a18c, RBX=0x00000000014cd968, RCX=0x0000000020071150, RDX=0x0000000120071130
RSP=0x00000000216edb10, RBP=0x0000000000000010, RSI=0x00000000fffffffe, RDI=0x0000000000010000
R8 =0x0000000000000010, R9 =0x00007ff9fda10000, R10=0x0000000000000010, R11=0x0000000000000000
R12=0x00000000fffffffe, R13=0x0000000000000000, R14=0x00000000014a9640, R15=0x00000000014ceb28
RIP=0x00007ff9fda2a18c, EFLAGS=0x0000000000010202

Top of Stack: (sp=0x00000000216edb10)
0x00000000216edb10:   000000000141f250 0000000000000009
0x00000000216edb20:   000000000141f250 00007ffa47cc87a4
0x00000000216edb30:   0000000000000000 00007ff9fda98875
0x00000000216edb40:   00007ffa446c7b5e 0000000000000000
0x00000000216edb50:   00000000216edb68 0000000000000000
0x00000000216edb60:   fffffffffffffffe 00000000216edb60
0x00000000216edb70:   0000000000000005 000000000144f888
0x00000000216edb80:   0000000000000002 0000000000000000
0x00000000216edb90:   0000000000000000 000000001a689800
0x00000000216edba0:   00000000216ede78 0000000000000000
0x00000000216edbb0:   0000000000000000 0000000000000000
0x00000000216edbc0:   00000000014a9640 000000001e0105c4
0x00000000216edbd0:   00000000014a9640 00007ff9fdbbd31b
0x00000000216edbe0:   00000000fffffffe 0000000000000000
0x00000000216edbf0:   0000000800000002 0000000000000000
0x00000000216edc00:   00000000014a9640 00007ff9fdafdd74 

Instructions: (pc=0x00007ff9fda2a18c)
0x00007ff9fda2a16c:   41 d8 8b 42 dc 89 41 dc 8b 42 e0 89 41 e0 8b 42
0x00007ff9fda2a17c:   e4 89 41 e4 8b 42 e8 89 41 e8 8b 42 ec 89 41 ec
0x00007ff9fda2a18c:   8b 42 f0 89 41 f0 e9 20 03 00 00 48 8b c1 83 e0
0x00007ff9fda2a19c:   0f 74 3a 41 b9 10 00 00 00 4c 2b c8 49 8b c1 49 


Register to memory mapping:

RAX=0x00007ff9fda2a18c is an unknown value
RBX=0x00000000014cd968 is an unknown value
RCX=0x0000000020071150 is an unknown value
RDX=0x0000000120071130 is an unknown value
RSP=0x00000000216edb10 is pointing into the stack for thread: 0x000000001a689800
RBP=0x0000000000000010 is an unknown value
RSI=0x00000000fffffffe is an unknown value
RDI=0x0000000000010000 is an unknown value
R8 =0x0000000000000010 is an unknown value
R9 =0x00007ff9fda10000 is an unknown value
R10=0x0000000000000010 is an unknown value
R11=0x0000000000000000 is an unknown value
R12=0x00000000fffffffe is an unknown value
R13=0x0000000000000000 is an unknown value
R14=0x00000000014a9640 is an unknown value
R15=0x00000000014ceb28 is an unknown value


Stack: [0x00000000215f0000,0x00000000216f0000],  sp=0x00000000216edb10,  free space=1014k
Native frames: (J=compiled Java code, j=interpreted, Vv=VM code, C=native code)
C  [ig9icd64.dll+0x1a18c]
C  [ig9icd64.dll+0x88875]
C  [ig9icd64.dll+0x1ad31b]
C  [ig9icd64.dll+0xedd74]
C  [ig9icd64.dll+0x57c790]
C  [ig9icd64.dll+0x57c68f]
C  [OpenGL32.dll+0x3a427]
C  [gdi32full.dll+0x67cce]
C  [nativewindow_win32.dll+0x2b6d]
C  0x0000000003357f74

Java frames: (J=compiled Java code, j=interpreted, Vv=VM code)
j  jogamp.nativewindow.windows.GDI.SwapBuffers(J)Z+0
j  jogamp.opengl.windows.wgl.WGLUtil.SwapBuffers(J)Z+12
j  jogamp.opengl.windows.wgl.WindowsWGLDrawable.swapBuffersImpl(Z)V+23
j  jogamp.opengl.GLDrawableImpl.swapBuffers()V+67
j  jogamp.opengl.GLDrawableHelper.invokeGLImpl(Lcom/jogamp/opengl/GLDrawable;Lcom/jogamp/opengl/GLContext;Ljava/lang/Runnable;Ljava/lang/Runnable;)V+216
j  jogamp.opengl.GLDrawableHelper.invokeGL(Lcom/jogamp/opengl/GLDrawable;Lcom/jogamp/opengl/GLContext;Ljava/lang/Runnable;Ljava/lang/Runnable;)V+72
j  com.jogamp.opengl.awt.GLCanvas$12.run()V+104
j  java.awt.event.InvocationEvent.dispatch()V+11
j  java.awt.EventQueue.dispatchEventImpl(Ljava/awt/AWTEvent;Ljava/lang/Object;)V+21
j  java.awt.EventQueue.access$500(Ljava/awt/EventQueue;Ljava/awt/AWTEvent;Ljava/lang/Object;)V+3
j  java.awt.EventQueue$3.run()Ljava/lang/Void;+32
j  java.awt.EventQueue$3.run()Ljava/lang/Object;+1
v  ~StubRoutines::call_stub
j  java.security.AccessController.doPrivileged(Ljava/security/PrivilegedAction;Ljava/security/AccessControlContext;)Ljava/lang/Object;+0
j  java.security.ProtectionDomain$JavaSecurityAccessImpl.doIntersectionPrivilege(Ljava/security/PrivilegedAction;Ljava/security/AccessControlContext;Ljava/security/AccessControlContext;)Ljava/lang/Object;+18
j  java.awt.EventQueue.dispatchEvent(Ljava/awt/AWTEvent;)V+46
j  java.awt.EventDispatchThread.pumpOneEventForFilters(I)V+245
j  java.awt.EventDispatchThread.pumpEventsForFilter(ILjava/awt/Conditional;Ljava/awt/EventFilter;)V+35
j  java.awt.EventDispatchThread.pumpEventsForHierarchy(ILjava/awt/Conditional;Ljava/awt/Component;)V+11
j  java.awt.EventDispatchThread.pumpEvents(ILjava/awt/Conditional;)V+4
j  java.awt.EventDispatchThread.pumpEvents(Ljava/awt/Conditional;)V+3
j  java.awt.EventDispatchThread.run()V+9
v  ~StubRoutines::call_stub

---------------  P R O C E S S  ---------------

Java Threads: ( => current thread )
  0x00000000031bd800 JavaThread "DestroyJavaVM" [_thread_blocked, id=11668, stack(0x0000000003060000,0x0000000003160000)]
=>0x000000001a689800 JavaThread "AWT-EventQueue-0" [_thread_in_native, id=11388, stack(0x00000000215f0000,0x00000000216f0000)]
  0x000000001a689000 JavaThread "AWT-Shutdown" [_thread_blocked, id=4188, stack(0x00000000214f0000,0x00000000215f0000)]
  0x000000001a688800 JavaThread "main-FPSAWTAnimator#00-Timer0" [_thread_blocked, id=10508, stack(0x00000000213f0000,0x00000000214f0000)]
  0x000000001a46f000 JavaThread "main-SharedResourceRunner" daemon [_thread_blocked, id=5992, stack(0x000000001b6f0000,0x000000001b7f0000)]
  0x000000001a2d6800 JavaThread "AWT-Windows" daemon [_thread_in_native, id=104, stack(0x000000001ac20000,0x000000001ad20000)]
  0x0000000019a66800 JavaThread "Java2D Disposer" daemon [_thread_blocked, id=9516, stack(0x000000001aa20000,0x000000001ab20000)]
  0x00000000197b8800 JavaThread "Service Thread" daemon [_thread_blocked, id=8484, stack(0x0000000019b90000,0x0000000019c90000)]
  0x0000000017e32000 JavaThread "C1 CompilerThread2" daemon [_thread_blocked, id=11028, stack(0x0000000019690000,0x0000000019790000)]
  0x0000000017e2b000 JavaThread "C2 CompilerThread1" daemon [_thread_blocked, id=1300, stack(0x0000000019590000,0x0000000019690000)]
  0x0000000017e39000 JavaThread "C2 CompilerThread0" daemon [_thread_blocked, id=8784, stack(0x0000000019490000,0x0000000019590000)]
  0x0000000017e37800 JavaThread "Attach Listener" daemon [_thread_blocked, id=6584, stack(0x0000000019390000,0x0000000019490000)]
  0x0000000017e36000 JavaThread "Signal Dispatcher" daemon [_thread_blocked, id=10084, stack(0x0000000019290000,0x0000000019390000)]
  0x0000000017e1a800 JavaThread "Finalizer" daemon [_thread_blocked, id=11908, stack(0x0000000019080000,0x0000000019180000)]
  0x000000000332f000 JavaThread "Reference Handler" daemon [_thread_blocked, id=208, stack(0x0000000018f80000,0x0000000019080000)]

Other Threads:
  0x0000000017df7800 VMThread [stack: 0x0000000018e80000,0x0000000018f80000] [id=5292]
  0x00000000197d2000 WatcherThread [stack: 0x0000000019de0000,0x0000000019ee0000] [id=8452]

VM state:not at safepoint (normal execution)

VM Mutex/Monitor currently owned by a thread: None

Heap:
 PSYoungGen      total 678400K, used 82277K [0x00000000d6000000, 0x0000000100000000, 0x0000000100000000)
  eden space 671744K, 11% used [0x00000000d6000000,0x00000000da9f0d30,0x00000000ff000000)
  from space 6656K, 98% used [0x00000000ff000000,0x00000000ff668a20,0x00000000ff680000)
  to   space 8704K, 0% used [0x00000000ff780000,0x00000000ff780000,0x0000000100000000)
 ParOldGen       total 86016K, used 7080K [0x0000000082000000, 0x0000000087400000, 0x00000000d6000000)
  object space 86016K, 8% used [0x0000000082000000,0x00000000826ea280,0x0000000087400000)
 Metaspace       used 15389K, capacity 15630K, committed 16000K, reserved 1062912K
  class space    used 1591K, capacity 1645K, committed 1664K, reserved 1048576K

Card table byte_map: [0x0000000012700000,0x0000000012b00000] byte_map_base: 0x00000000122f0000

Marking Bits: (ParMarkBitMap*) 0x00000000757ba6c0
 Begin Bits: [0x00000000131a0000, 0x0000000015120000)
 End Bits:   [0x0000000015120000, 0x00000000170a0000)

Polling page: 0x00000000013a0000

CodeCache: size=245760Kb used=3646Kb max_used=3661Kb free=242113Kb
 bounds [0x0000000003340000, 0x00000000036e0000, 0x0000000012340000]
 total_blobs=1673 nmethods=876 adapters=710
 compilation: enabled

Compilation events (10 events):
Event: 23.310 Thread 0x0000000017e32000  881       3       java.lang.Exception::<init> (6 bytes)
Event: 23.311 Thread 0x0000000017e32000 nmethod 881 0x00000000036c10d0 code [0x00000000036c1260, 0x00000000036c1848]
Event: 23.311 Thread 0x0000000017e32000  882       3       java.lang.RuntimeException::<init> (6 bytes)
Event: 23.312 Thread 0x0000000017e32000 nmethod 882 0x00000000036b5f90 code [0x00000000036b6100, 0x00000000036b62e8]
Event: 23.312 Thread 0x0000000017e32000  883       3       java.lang.ArrayIndexOutOfBoundsException::<init> (6 bytes)
Event: 23.312 Thread 0x0000000017e32000 nmethod 883 0x00000000036cb650 code [0x00000000036cb7c0, 0x00000000036cba68]
Event: 23.357 Thread 0x0000000017e2b000  884   !   4       Graphics.Renderer::drawTriangle (229 bytes)
Event: 23.361 Thread 0x0000000017e39000  885       4       jogamp.opengl.gl4.GL4bcImpl::glBegin (49 bytes)
Event: 23.362 Thread 0x0000000017e39000 nmethod 885 0x0000000003440610 code [0x0000000003440760, 0x0000000003440828]
Event: 23.373 Thread 0x0000000017e2b000 nmethod 884 0x00000000036c9450 code [0x00000000036c96e0, 0x00000000036ca618]

GC Heap History (10 events):
Event: 21.573 GC heap before
{Heap before GC invocations=143 (full 0):
 PSYoungGen      total 680448K, used 677324K [0x00000000d6000000, 0x0000000100000000, 0x0000000100000000)
  eden space 672768K, 99% used [0x00000000d6000000,0x00000000ff06e7d8,0x00000000ff100000)
  from space 7680K, 66% used [0x00000000ff880000,0x00000000ffd848e8,0x0000000100000000)
  to   space 7680K, 0% used [0x00000000ff100000,0x00000000ff100000,0x00000000ff880000)
 ParOldGen       total 86016K, used 7072K [0x0000000082000000, 0x0000000087400000, 0x00000000d6000000)
  object space 86016K, 8% used [0x0000000082000000,0x00000000826e8280,0x0000000087400000)
 Metaspace       used 12618K, capacity 12814K, committed 13184K, reserved 1060864K
  class space    used 1234K, capacity 1282K, committed 1408K, reserved 1048576K
Event: 21.574 GC heap after
Heap after GC invocations=143 (full 0):
 PSYoungGen      total 674816K, used 1743K [0x00000000d6000000, 0x0000000100000000, 0x0000000100000000)
  eden space 672768K, 0% used [0x00000000d6000000,0x00000000d6000000,0x00000000ff100000)
  from space 2048K, 85% used [0x00000000ff100000,0x00000000ff2b3cb0,0x00000000ff300000)
  to   space 8192K, 0% used [0x00000000ff800000,0x00000000ff800000,0x0000000100000000)
 ParOldGen       total 86016K, used 7072K [0x0000000082000000, 0x0000000087400000, 0x00000000d6000000)
  object space 86016K, 8% used [0x0000000082000000,0x00000000826e8280,0x0000000087400000)
 Metaspace       used 12618K, capacity 12814K, committed 13184K, reserved 1060864K
  class space    used 1234K, capacity 1282K, committed 1408K, reserved 1048576K
}
Event: 21.727 GC heap before
{Heap before GC invocations=144 (full 0):
 PSYoungGen      total 674816K, used 673990K [0x00000000d6000000, 0x0000000100000000, 0x0000000100000000)
  eden space 672768K, 99% used [0x00000000d6000000,0x00000000ff07de78,0x00000000ff100000)
  from space 2048K, 85% used [0x00000000ff100000,0x00000000ff2b3cb0,0x00000000ff300000)
  to   space 8192K, 0% used [0x00000000ff800000,0x00000000ff800000,0x0000000100000000)
 ParOldGen       total 86016K, used 7072K [0x0000000082000000, 0x0000000087400000, 0x00000000d6000000)
  object space 86016K, 8% used [0x0000000082000000,0x00000000826e8280,0x0000000087400000)
 Metaspace       used 12618K, capacity 12814K, committed 13184K, reserved 1060864K
  class space    used 1234K, capacity 1282K, committed 1408K, reserved 1048576K
Event: 21.729 GC heap after
Heap after GC invocations=144 (full 0):
 PSYoungGen      total 679936K, used 5192K [0x00000000d6000000, 0x0000000100000000, 0x0000000100000000)
  eden space 671744K, 0% used [0x00000000d6000000,0x00000000d6000000,0x00000000ff000000)
  from space 8192K, 63% used [0x00000000ff800000,0x00000000ffd120d0,0x0000000100000000)
  to   space 8192K, 0% used [0x00000000ff000000,0x00000000ff000000,0x00000000ff800000)
 ParOldGen       total 86016K, used 7072K [0x0000000082000000, 0x0000000087400000, 0x00000000d6000000)
  object space 86016K, 8% used [0x0000000082000000,0x00000000826e8280,0x0000000087400000)
 Metaspace       used 12618K, capacity 12814K, committed 13184K, reserved 1060864K
  class space    used 1234K, capacity 1282K, committed 1408K, reserved 1048576K
}
Event: 21.890 GC heap before
{Heap before GC invocations=145 (full 0):
 PSYoungGen      total 679936K, used 675657K [0x00000000d6000000, 0x0000000100000000, 0x0000000100000000)
  eden space 671744K, 99% used [0x00000000d6000000,0x00000000feec06f8,0x00000000ff000000)
  from space 8192K, 63% used [0x00000000ff800000,0x00000000ffd120d0,0x0000000100000000)
  to   space 8192K, 0% used [0x00000000ff000000,0x00000000ff000000,0x00000000ff800000)
 ParOldGen       total 86016K, used 7072K [0x0000000082000000, 0x0000000087400000, 0x00000000d6000000)
  object space 86016K, 8% used [0x0000000082000000,0x00000000826e8280,0x0000000087400000)
 Metaspace       used 12618K, capacity 12814K, committed 13184K, reserved 1060864K
  class space    used 1234K, capacity 1282K, committed 1408K, reserved 1048576K
Event: 21.893 GC heap after
Heap after GC invocations=145 (full 0):
 PSYoungGen      total 679936K, used 5218K [0x00000000d6000000, 0x0000000100000000, 0x0000000100000000)
  eden space 671744K, 0% used [0x00000000d6000000,0x00000000d6000000,0x00000000ff000000)
  from space 8192K, 63% used [0x00000000ff000000,0x00000000ff518ba8,0x00000000ff800000)
  to   space 8192K, 0% used [0x00000000ff800000,0x00000000ff800000,0x0000000100000000)
 ParOldGen       total 86016K, used 7072K [0x0000000082000000, 0x0000000087400000, 0x00000000d6000000)
  object space 86016K, 8% used [0x0000000082000000,0x00000000826e8280,0x0000000087400000)
 Metaspace       used 12618K, capacity 12814K, committed 13184K, reserved 1060864K
  class space    used 1234K, capacity 1282K, committed 1408K, reserved 1048576K
}
Event: 22.054 GC heap before
{Heap before GC invocations=146 (full 0):
 PSYoungGen      total 679936K, used 675622K [0x00000000d6000000, 0x0000000100000000, 0x0000000100000000)
  eden space 671744K, 99% used [0x00000000d6000000,0x00000000feeb0de0,0x00000000ff000000)
  from space 8192K, 63% used [0x00000000ff000000,0x00000000ff518ba8,0x00000000ff800000)
  to   space 8192K, 0% used [0x00000000ff800000,0x00000000ff800000,0x0000000100000000)
 ParOldGen       total 86016K, used 7072K [0x0000000082000000, 0x0000000087400000, 0x00000000d6000000)
  object space 86016K, 8% used [0x0000000082000000,0x00000000826e8280,0x0000000087400000)
 Metaspace       used 12618K, capacity 12814K, committed 13184K, reserved 1060864K
  class space    used 1234K, capacity 1282K, committed 1408K, reserved 1048576K
Event: 22.056 GC heap after
Heap after GC invocations=146 (full 0):
 PSYoungGen      total 679936K, used 5277K [0x00000000d6000000, 0x0000000100000000, 0x0000000100000000)
  eden space 671744K, 0% used [0x00000000d6000000,0x00000000d6000000,0x00000000ff000000)
  from space 8192K, 64% used [0x00000000ff800000,0x00000000ffd27698,0x0000000100000000)
  to   space 8192K, 0% used [0x00000000ff000000,0x00000000ff000000,0x00000000ff800000)
 ParOldGen       total 86016K, used 7072K [0x0000000082000000, 0x0000000087400000, 0x00000000d6000000)
  object space 86016K, 8% used [0x0000000082000000,0x00000000826e8280,0x0000000087400000)
 Metaspace       used 12618K, capacity 12814K, committed 13184K, reserved 1060864K
  class space    used 1234K, capacity 1282K, committed 1408K, reserved 1048576K
}
Event: 22.332 GC heap before
{Heap before GC invocations=147 (full 0):
 PSYoungGen      total 679936K, used 677021K [0x00000000d6000000, 0x0000000100000000, 0x0000000100000000)
  eden space 671744K, 100% used [0x00000000d6000000,0x00000000ff000000,0x00000000ff000000)
  from space 8192K, 64% used [0x00000000ff800000,0x00000000ffd27698,0x0000000100000000)
  to   space 8192K, 0% used [0x00000000ff000000,0x00000000ff000000,0x00000000ff800000)
 ParOldGen       total 86016K, used 7072K [0x0000000082000000, 0x0000000087400000, 0x00000000d6000000)
  object space 86016K, 8% used [0x0000000082000000,0x00000000826e8280,0x0000000087400000)
 Metaspace       used 12663K, capacity 12878K, committed 13184K, reserved 1060864K
  class space    used 1234K, capacity 1282K, committed 1408K, reserved 1048576K
Event: 22.337 GC heap after
Heap after GC invocations=147 (full 0):
 PSYoungGen      total 678400K, used 6562K [0x00000000d6000000, 0x0000000100000000, 0x0000000100000000)
  eden space 671744K, 0% used [0x00000000d6000000,0x00000000d6000000,0x00000000ff000000)
  from space 6656K, 98% used [0x00000000ff000000,0x00000000ff668a20,0x00000000ff680000)
  to   space 8704K, 0% used [0x00000000ff780000,0x00000000ff780000,0x0000000100000000)
 ParOldGen       total 86016K, used 7080K [0x0000000082000000, 0x0000000087400000, 0x00000000d6000000)
  object space 86016K, 8% used [0x0000000082000000,0x00000000826ea280,0x0000000087400000)
 Metaspace       used 12663K, capacity 12878K, committed 13184K, reserved 1060864K
  class space    used 1234K, capacity 1282K, committed 1408K, reserved 1048576K
}

Deoptimization events (10 events):
Event: 22.264 Thread 0x00000000031bd800 Uncommon trap: reason=array_check action=maybe_recompile pc=0x00000000036166a8 method=java.util.AbstractCollection.toArray([Ljava/lang/Object;)[Ljava/lang/Object; @ 119
Event: 22.264 Thread 0x00000000031bd800 Uncommon trap: reason=array_check action=maybe_recompile pc=0x00000000036166a8 method=java.util.AbstractCollection.toArray([Ljava/lang/Object;)[Ljava/lang/Object; @ 119
Event: 22.264 Thread 0x00000000031bd800 Uncommon trap: reason=array_check action=maybe_recompile pc=0x00000000036166a8 method=java.util.AbstractCollection.toArray([Ljava/lang/Object;)[Ljava/lang/Object; @ 119
Event: 23.139 Thread 0x00000000031bd800 Uncommon trap: reason=unstable_if action=reinterpret pc=0x0000000003617400 method=java.util.Arrays.copyOf([Ljava/lang/Object;ILjava/lang/Class;)[Ljava/lang/Object; @ 3
Event: 23.199 Thread 0x00000000031bd800 Uncommon trap: reason=class_check action=maybe_recompile pc=0x0000000003624da0 method=java.util.AbstractCollection.toArray([Ljava/lang/Object;)[Ljava/lang/Object; @ 1
Event: 23.199 Thread 0x00000000031bd800 Uncommon trap: reason=class_check action=maybe_recompile pc=0x0000000003624da0 method=java.util.AbstractCollection.toArray([Ljava/lang/Object;)[Ljava/lang/Object; @ 1
Event: 23.294 Thread 0x000000001a689800 Uncommon trap: reason=unstable_if action=reinterpret pc=0x00000000035f69f4 method=java.lang.String.trim()Ljava/lang/String; @ 23
Event: 23.295 Thread 0x000000001a689800 Uncommon trap: reason=unstable_if action=reinterpret pc=0x0000000003647bdc method=java.lang.Integer.parseInt(Ljava/lang/String;I)I @ 1
Event: 23.304 Thread 0x000000001a689800 Uncommon trap: reason=range_check action=make_not_entrant pc=0x0000000003590d24 method=java.util.ArrayList.elementData(I)Ljava/lang/Object; @ 5
Event: 23.304 Thread 0x000000001a689800 Uncommon trap: reason=range_check action=make_not_entrant pc=0x00000000036b8e20 method=java.util.ArrayList.elementData(I)Ljava/lang/Object; @ 5

Internal exceptions (10 events):
Event: 23.373 Thread 0x000000001a689800 Exception <a 'java/lang/ArrayIndexOutOfBoundsException'> (0x00000000d845e698) thrown at [C:\re\workspace\8-2-build-windows-amd64-cygwin\jdk8u111\7883\hotspot\src\share\vm\runtime\sharedRuntime.cpp, line 605]
Event: 23.373 Thread 0x000000001a689800 Exception <a 'java/lang/ArrayIndexOutOfBoundsException'> (0x00000000d845e8d0) thrown at [C:\re\workspace\8-2-build-windows-amd64-cygwin\jdk8u111\7883\hotspot\src\share\vm\runtime\sharedRuntime.cpp, line 605]
Event: 23.373 Thread 0x000000001a689800 Exception <a 'java/lang/ArrayIndexOutOfBoundsException'> (0x00000000d845eb08) thrown at [C:\re\workspace\8-2-build-windows-amd64-cygwin\jdk8u111\7883\hotspot\src\share\vm\runtime\sharedRuntime.cpp, line 605]
Event: 23.373 Thread 0x000000001a689800 Exception <a 'java/lang/ArrayIndexOutOfBoundsException'> (0x00000000d845ed40) thrown at [C:\re\workspace\8-2-build-windows-amd64-cygwin\jdk8u111\7883\hotspot\src\share\vm\runtime\sharedRuntime.cpp, line 605]
Event: 23.373 Thread 0x000000001a689800 Exception <a 'java/lang/ArrayIndexOutOfBoundsException'> (0x00000000d845ef78) thrown at [C:\re\workspace\8-2-build-windows-amd64-cygwin\jdk8u111\7883\hotspot\src\share\vm\runtime\sharedRuntime.cpp, line 605]
Event: 23.373 Thread 0x000000001a689800 Exception <a 'java/lang/ArrayIndexOutOfBoundsException'> (0x00000000d845f1b0) thrown at [C:\re\workspace\8-2-build-windows-amd64-cygwin\jdk8u111\7883\hotspot\src\share\vm\runtime\sharedRuntime.cpp, line 605]
Event: 23.373 Thread 0x000000001a689800 Exception <a 'java/lang/ArrayIndexOutOfBoundsException'> (0x00000000d845f3e8) thrown at [C:\re\workspace\8-2-build-windows-amd64-cygwin\jdk8u111\7883\hotspot\src\share\vm\runtime\sharedRuntime.cpp, line 605]
Event: 23.373 Thread 0x000000001a689800 Exception <a 'java/lang/ArrayIndexOutOfBoundsException'> (0x00000000d845f620) thrown at [C:\re\workspace\8-2-build-windows-amd64-cygwin\jdk8u111\7883\hotspot\src\share\vm\runtime\sharedRuntime.cpp, line 605]
Event: 23.373 Thread 0x000000001a689800 Exception <a 'java/lang/ArrayIndexOutOfBoundsException'> (0x00000000d845f858) thrown at [C:\re\workspace\8-2-build-windows-amd64-cygwin\jdk8u111\7883\hotspot\src\share\vm\runtime\sharedRuntime.cpp, line 605]
Event: 23.373 Thread 0x000000001a689800 Exception <a 'java/lang/ArrayIndexOutOfBoundsException'> (0x00000000d845fa90) thrown at [C:\re\workspace\8-2-build-windows-amd64-cygwin\jdk8u111\7883\hotspot\src\share\vm\runtime\sharedRuntime.cpp, line 605]

Events (10 events):
Event: 23.295 Thread 0x000000001a689800 DEOPT UNPACKING pc=0x000000000338582a sp=0x00000000216eda58 mode 2
Event: 23.295 Thread 0x000000001a689800 Uncommon trap: trap_request=0xffffff65 fr.pc=0x0000000003647bdc
Event: 23.295 Thread 0x000000001a689800 DEOPT PACKING pc=0x0000000003647bdc sp=0x00000000216ed980
Event: 23.295 Thread 0x000000001a689800 DEOPT UNPACKING pc=0x000000000338582a sp=0x00000000216ed8a8 mode 2
Event: 23.304 Thread 0x000000001a689800 Uncommon trap: trap_request=0xffffffe4 fr.pc=0x0000000003590d24
Event: 23.304 Thread 0x000000001a689800 DEOPT PACKING pc=0x0000000003590d24 sp=0x00000000216edd10
Event: 23.304 Thread 0x000000001a689800 DEOPT UNPACKING pc=0x000000000338582a sp=0x00000000216edc60 mode 2
Event: 23.304 Thread 0x000000001a689800 Uncommon trap: trap_request=0xffffffe4 fr.pc=0x00000000036b8e20
Event: 23.304 Thread 0x000000001a689800 DEOPT PACKING pc=0x00000000036b8e20 sp=0x00000000216edcc0
Event: 23.304 Thread 0x000000001a689800 DEOPT UNPACKING pc=0x000000000338582a sp=0x00000000216edc60 mode 2


Dynamic libraries:
0x00007ff6389e0000 - 0x00007ff638a17000 	C:\Program Files\Java\jdk1.8.0_111\bin\java.exe
0x00007ffa47cb0000 - 0x00007ffa47e91000 	C:\Windows\SYSTEM32\ntdll.dll
0x00007ffa45c10000 - 0x00007ffa45cc2000 	C:\Windows\System32\KERNEL32.DLL
0x00007ffa443e0000 - 0x00007ffa44653000 	C:\Windows\System32\KERNELBASE.dll
0x00007ffa462e0000 - 0x00007ffa46381000 	C:\Windows\System32\ADVAPI32.dll
0x00007ffa45eb0000 - 0x00007ffa45f4e000 	C:\Windows\System32\msvcrt.dll
0x00007ffa460d0000 - 0x00007ffa4612b000 	C:\Windows\System32\sechost.dll
0x00007ffa45ae0000 - 0x00007ffa45c04000 	C:\Windows\System32\RPCRT4.dll
0x00007ffa45950000 - 0x00007ffa45ae0000 	C:\Windows\System32\USER32.dll
0x00007ffa443c0000 - 0x00007ffa443e0000 	C:\Windows\System32\win32u.dll
0x00007ffa463d0000 - 0x00007ffa463f8000 	C:\Windows\System32\GDI32.dll
0x00007ffa44660000 - 0x00007ffa447f2000 	C:\Windows\System32\gdi32full.dll
0x00007ffa44130000 - 0x00007ffa441cf000 	C:\Windows\System32\msvcp_win.dll
0x00007ffa44fc0000 - 0x00007ffa450ba000 	C:\Windows\System32\ucrtbase.dll
0x00007ffa37810000 - 0x00007ffa37a79000 	C:\Windows\WinSxS\amd64_microsoft.windows.common-controls_6595b64144ccf1df_6.0.17134.285_none_fb4297e330656775\COMCTL32.dll
0x00007ffa45140000 - 0x00007ffa45463000 	C:\Windows\System32\combase.dll
0x00007ffa450c0000 - 0x00007ffa4513a000 	C:\Windows\System32\bcryptPrimitives.dll
0x00007ffa46390000 - 0x00007ffa463bd000 	C:\Windows\System32\IMM32.DLL
0x0000000074ec0000 - 0x0000000074f92000 	C:\Program Files\Java\jdk1.8.0_111\jre\bin\msvcr100.dll
0x0000000074fa0000 - 0x000000007583a000 	C:\Program Files\Java\jdk1.8.0_111\jre\bin\server\jvm.dll
0x00007ffa45470000 - 0x00007ffa45478000 	C:\Windows\System32\PSAPI.DLL
0x00007ffa403f0000 - 0x00007ffa40413000 	C:\Windows\SYSTEM32\WINMM.dll
0x00007ffa403e0000 - 0x00007ffa403ea000 	C:\Windows\SYSTEM32\VERSION.dll
0x00007ffa40eb0000 - 0x00007ffa40eb9000 	C:\Windows\SYSTEM32\WSOCK32.dll
0x00007ffa466d0000 - 0x00007ffa4673c000 	C:\Windows\System32\WS2_32.dll
0x00007ffa40230000 - 0x00007ffa4025a000 	C:\Windows\SYSTEM32\winmmbase.dll
0x00007ffa440e0000 - 0x00007ffa44129000 	C:\Windows\System32\cfgmgr32.dll
0x0000000074e70000 - 0x0000000074e7f000 	C:\Program Files\Java\jdk1.8.0_111\jre\bin\verify.dll
0x0000000074e40000 - 0x0000000074e69000 	C:\Program Files\Java\jdk1.8.0_111\jre\bin\java.dll
0x0000000074e20000 - 0x0000000074e36000 	C:\Program Files\Java\jdk1.8.0_111\jre\bin\zip.dll
0x00007ffa467e0000 - 0x00007ffa47c20000 	C:\Windows\System32\SHELL32.dll
0x00007ffa46140000 - 0x00007ffa461e9000 	C:\Windows\System32\shcore.dll
0x00007ffa44800000 - 0x00007ffa44f0d000 	C:\Windows\System32\windows.storage.dll
0x00007ffa47c20000 - 0x00007ffa47c71000 	C:\Windows\System32\shlwapi.dll
0x00007ffa43fc0000 - 0x00007ffa43fd1000 	C:\Windows\System32\kernel.appcore.dll
0x00007ffa43ff0000 - 0x00007ffa4400f000 	C:\Windows\System32\profapi.dll
0x00007ffa44010000 - 0x00007ffa4405c000 	C:\Windows\System32\powrprof.dll
0x00007ffa43fe0000 - 0x00007ffa43fea000 	C:\Windows\System32\FLTLIB.DLL
0x00007ffa439f0000 - 0x00007ffa43a07000 	C:\Windows\SYSTEM32\CRYPTSP.dll
0x00007ffa43420000 - 0x00007ffa43453000 	C:\Windows\system32\rsaenh.dll
0x00007ffa43b20000 - 0x00007ffa43b45000 	C:\Windows\SYSTEM32\bcrypt.dll
0x00007ffa43ec0000 - 0x00007ffa43ee8000 	C:\Windows\SYSTEM32\USERENV.dll
0x00007ffa43a10000 - 0x00007ffa43a1b000 	C:\Windows\SYSTEM32\CRYPTBASE.dll
0x0000000074e00000 - 0x0000000074e1a000 	C:\Program Files\Java\jdk1.8.0_111\jre\bin\net.dll
0x00007ffa43840000 - 0x00007ffa438a6000 	C:\Windows\system32\mswsock.dll
0x00007ffa435c0000 - 0x00007ffa435f8000 	C:\Windows\SYSTEM32\IPHLPAPI.DLL
0x00007ffa46130000 - 0x00007ffa46138000 	C:\Windows\System32\NSI.dll
0x00007ffa3a580000 - 0x00007ffa3a596000 	C:\Windows\SYSTEM32\dhcpcsvc6.DLL
0x00007ffa3a560000 - 0x00007ffa3a57a000 	C:\Windows\SYSTEM32\dhcpcsvc.DLL
0x0000000074de0000 - 0x0000000074df1000 	C:\Program Files\Java\jdk1.8.0_111\jre\bin\nio.dll
0x00007ffa32640000 - 0x00007ffa32660000 	C:\Windows\SYSTEM32\apisethost.appexecutionalias.dll
0x00007ffa42320000 - 0x00007ffa423ab000 	C:\Windows\system32\apphelp.dll
0x00000000637c0000 - 0x00000000637cd000 	C:\Users\Diego Felipe\.jogamp_0000\file_cache\jln5911898189387720455\jln293234241223836677\natives\windows-amd64\gluegen-rt.dll
0x0000000074c40000 - 0x0000000074dd8000 	C:\Program Files\Java\jdk1.8.0_111\jre\bin\awt.dll
0x00007ffa46400000 - 0x00007ffa464c2000 	C:\Windows\System32\OLEAUT32.dll
0x00007ffa42450000 - 0x00007ffa424e8000 	C:\Windows\system32\uxtheme.dll
0x00007ffa45f50000 - 0x00007ffa460c5000 	C:\Windows\System32\MSCTF.dll
0x00007ffa14f50000 - 0x00007ffa14fcf000 	C:\Program Files (x86)\TeamViewer\tv_x64.dll
0x00007ffa45d50000 - 0x00007ffa45ea1000 	C:\Windows\System32\ole32.dll
0x00007ffa42730000 - 0x00007ffa42759000 	C:\Windows\system32\dwmapi.dll
0x0000000074b10000 - 0x0000000074b17000 	C:\Program Files\Java\jdk1.8.0_111\jre\bin\jawt.dll
0x000000006a440000 - 0x000000006a44d000 	C:\Users\Diego Felipe\.jogamp_0000\file_cache\jln5911898189387720455\jln293234241223836677\natives\windows-amd64\nativewindow_awt.dll
0x000000006c100000 - 0x000000006c10f000 	C:\Users\Diego Felipe\.jogamp_0000\file_cache\jln5911898189387720455\jln293234241223836677\natives\windows-amd64\nativewindow_win32.dll
0x00007ffa20ca0000 - 0x00007ffa20dc0000 	C:\Windows\SYSTEM32\OpenGL32.dll
0x00007ffa20bd0000 - 0x00007ffa20bfc000 	C:\Windows\SYSTEM32\GLU32.dll
0x0000000064500000 - 0x00000000645b1000 	C:\Users\Diego Felipe\.jogamp_0000\file_cache\jln5911898189387720455\jln293234241223836677\natives\windows-amd64\jogl_desktop.dll
0x0000000064340000 - 0x00000000643a2000 	C:\Users\Diego Felipe\.jogamp_0000\file_cache\jln5911898189387720455\jln293234241223836677\natives\windows-amd64\jogl_mobile.dll
0x00007ff9fda10000 - 0x00007ff9fe769000 	C:\Windows\System32\DriverStore\FileRepository\igdlh64.inf_amd64_aa3a0bcfbcf24a1b\ig9icd64.dll
0x00007ffa40090000 - 0x00007ffa400a3000 	C:\Windows\SYSTEM32\WTSAPI32.dll
0x00007ffa3b8b0000 - 0x00007ffa3ca0f000 	C:\Windows\System32\DriverStore\FileRepository\igdlh64.inf_amd64_aa3a0bcfbcf24a1b\igc64.dll
0x0000000074bf0000 - 0x0000000074c37000 	C:\Program Files\Java\jdk1.8.0_111\jre\bin\fontmanager.dll
0x00007ffa366c0000 - 0x00007ffa36757000 	C:\Windows\System32\TextInputFramework.dll
0x00007ffa42120000 - 0x00007ffa421fa000 	C:\Windows\System32\CoreMessaging.dll
0x00007ffa3ee20000 - 0x00007ffa3f13e000 	C:\Windows\System32\CoreUIComponents.dll
0x00007ffa430b0000 - 0x00007ffa430e1000 	C:\Windows\SYSTEM32\ntmarta.dll
0x00007ffa40640000 - 0x00007ffa4078d000 	C:\Windows\SYSTEM32\wintypes.dll
0x00007ffa0ec40000 - 0x00007ffa0ee09000 	C:\Windows\SYSTEM32\dbghelp.dll

VM Arguments:
jvm_args: -Dfile.encoding=UTF-8 
java_command: Principal
java_class_path (initial): C:\libs\JOGL\gluegen-rt-natives-windows-amd64.jar;C:\libs\JOGL\gluegen-rt-natives-windows-i586.jar;C:\libs\JOGL\gluegen-rt.jar;C:\libs\JOGL\jogl-all-natives-windows-amd64.jar;C:\libs\JOGL\jogl-all-natives-windows-i586.jar;C:\libs\JOGL\jogl-all.jar;C:\Users\Diego Felipe\OneDrive\Programacao\Java\OpenGL - Java\TF - ICG\TF-ICG\build\classes
Launcher Type: SUN_STANDARD

Environment Variables:
CLASSPATH=.;C:\Program Files (x86)\QuickTime\QTSystem\QTJava.zip
PATH=C:\ProgramData\Oracle\Java\javapath;C:\Windows\system32;C:\Windows;C:\Windows\System32\Wbem;C:\Windows\System32\WindowsPowerShell\v1.0\;C:\Windows\System32\OpenSSH\;C:\Program Files (x86)\NVIDIA Corporation\PhysX\Common;c:\Program Files (x86)\Common Files\Ulead Systems\MPEG;C:\Program Files (x86)\QuickTime\QTSystem\;C:\Users\Diego Felipe\AppData\Local\Microsoft\WindowsApps;C:\altera\13.0sp1\modelsim_ase\win32aloem;C:\Users\Diego Felipe\AppData\Local\GitHubDesktop\bin
USERNAME=Diego Felipe
OS=Windows_NT
PROCESSOR_IDENTIFIER=Intel64 Family 6 Model 78 Stepping 3, GenuineIntel



---------------  S Y S T E M  ---------------

OS: Windows 10.0 , 64 bit Build 17134 (10.0.17134.1)

CPU:total 4 (2 cores per cpu, 2 threads per core) family 6 model 78 stepping 3, cmov, cx8, fxsr, mmx, sse, sse2, sse3, ssse3, sse4.1, sse4.2, popcnt, avx, avx2, aes, clmul, erms, 3dnowpref, lzcnt, ht, tsc, tscinvbit, bmi1, bmi2, adx

Memory: 4k page, physical 8252092k(2842032k free), swap 12970684k(5525068k free)

vm_info: Java HotSpot(TM) 64-Bit Server VM (25.111-b14) for windows-amd64 JRE (1.8.0_111-b14), built on Sep 22 2016 19:24:05 by "java_re" with MS VC++ 10.0 (VS2010)

time: Wed Oct 03 15:35:20 2018
elapsed time: 23 seconds (0d 0h 0m 23s)

