#
# A fatal error has been detected by the Java Runtime Environment:
#
#  EXCEPTION_ACCESS_VIOLATION (0xc0000005) at pc=0x00007ff9fda2a18c, pid=11148, tid=0x0000000000003124
#
# JRE version: Java(TM) SE Runtime Environment (8.0_111-b14) (build 1.8.0_111-b14)
# Java VM: Java HotSpot(TM) 64-Bit Server VM (25.111-b14 mixed mode windows-amd64 compressed oops)
# Problematic frame:
# C  [ig9icd64.dll+0x1a18c]
#
# Failed to write core dump. Minidumps are not enabled by default on client versions of Windows
#
# If you would like to submit a bug report, please visit:
#   http://bugreport.java.com/bugreport/crash.jsp
# The crash happened outside the Java Virtual Machine in native code.
# See problematic frame for where to report the bug.
#

---------------  T H R E A D  ---------------

Current thread (0x000000001a144000):  JavaThread "AWT-EventQueue-0" [_thread_in_native, id=12580, stack(0x0000000020e00000,0x0000000020f00000)]

siginfo: ExceptionCode=0xc0000005, reading address 0x000000011b209c70

Registers:
RAX=0x00007ff9fda2a18c, RBX=0x000000001b1543a8, RCX=0x000000001b209c90, RDX=0x000000011b209c80
RSP=0x0000000020efda70, RBP=0x0000000000000010, RSI=0x00000000ffffffff, RDI=0x0000000000010000
R8 =0x0000000000000010, R9 =0x00007ff9fda10000, R10=0x0000000000000010, R11=0x0000000000000000
R12=0x00000000ffffffff, R13=0x0000000000000000, R14=0x000000001b130080, R15=0x000000001b155568
RIP=0x00007ff9fda2a18c, EFLAGS=0x0000000000010202

Top of Stack: (sp=0x0000000020efda70)
0x0000000020efda70:   0000000000df0000 0000000000000009
0x0000000020efda80:   0000000000df0000 00007ffa47cc87a4
0x0000000020efda90:   0000000000000000 00007ff9fda98875
0x0000000020efdaa0:   00007ffa446c7b5e 0000000000000000
0x0000000020efdab0:   0000000020efdac8 0000000000000000
0x0000000020efdac0:   00000000ffffffff 0000000020efdac0
0x0000000020efdad0:   0000000000000003 0000000000e233e8
0x0000000020efdae0:   0000000000000001 0000000000000000
0x0000000020efdaf0:   0000000000000000 000000001a144000
0x0000000020efdb00:   0000000020efddd8 0000000000000000
0x0000000020efdb10:   0000000000000000 0000000000000000
0x0000000020efdb20:   000000001b130080 0000000067011bc1
0x0000000020efdb30:   000000001b130080 00007ff9fdbbd31b
0x0000000020efdb40:   00000000ffffffff 0000000000000000
0x0000000020efdb50:   0000000800000001 0000000000000000
0x0000000020efdb60:   000000001b130080 00007ff9fdafdd74 

Instructions: (pc=0x00007ff9fda2a18c)
0x00007ff9fda2a16c:   41 d8 8b 42 dc 89 41 dc 8b 42 e0 89 41 e0 8b 42
0x00007ff9fda2a17c:   e4 89 41 e4 8b 42 e8 89 41 e8 8b 42 ec 89 41 ec
0x00007ff9fda2a18c:   8b 42 f0 89 41 f0 e9 20 03 00 00 48 8b c1 83 e0
0x00007ff9fda2a19c:   0f 74 3a 41 b9 10 00 00 00 4c 2b c8 49 8b c1 49 


Register to memory mapping:

RAX=0x00007ff9fda2a18c is an unknown value
RBX=0x000000001b1543a8 is an unknown value
RCX=0x000000001b209c90 is an unknown value
RDX=0x000000011b209c80 is an unknown value
RSP=0x0000000020efda70 is pointing into the stack for thread: 0x000000001a144000
RBP=0x0000000000000010 is an unknown value
RSI=0x00000000ffffffff is an unknown value
RDI=0x0000000000010000 is an unknown value
R8 =0x0000000000000010 is an unknown value
R9 =0x00007ff9fda10000 is an unknown value
R10=0x0000000000000010 is an unknown value
R11=0x0000000000000000 is an unknown value
R12=0x00000000ffffffff is an unknown value
R13=0x0000000000000000 is an unknown value
R14=0x000000001b130080 is an unknown value
R15=0x000000001b155568 is an unknown value


Stack: [0x0000000020e00000,0x0000000020f00000],  sp=0x0000000020efda70,  free space=1014k
Native frames: (J=compiled Java code, j=interpreted, Vv=VM code, C=native code)
C  [ig9icd64.dll+0x1a18c]
C  [ig9icd64.dll+0x88875]
C  [ig9icd64.dll+0x1ad31b]
C  [ig9icd64.dll+0xedd74]
C  [ig9icd64.dll+0x57c790]
C  [ig9icd64.dll+0x57c68f]
C  [OpenGL32.dll+0x3a427]
C  [gdi32full.dll+0x67cce]
C  [nativewindow_win32.dll+0x2b6d]
C  0x0000000002d87f74

Java frames: (J=compiled Java code, j=interpreted, Vv=VM code)
j  jogamp.nativewindow.windows.GDI.SwapBuffers(J)Z+0
j  jogamp.opengl.windows.wgl.WGLUtil.SwapBuffers(J)Z+12
j  jogamp.opengl.windows.wgl.WindowsWGLDrawable.swapBuffersImpl(Z)V+23
j  jogamp.opengl.GLDrawableImpl.swapBuffers()V+67
j  jogamp.opengl.GLDrawableHelper.invokeGLImpl(Lcom/jogamp/opengl/GLDrawable;Lcom/jogamp/opengl/GLContext;Ljava/lang/Runnable;Ljava/lang/Runnable;)V+216
j  jogamp.opengl.GLDrawableHelper.invokeGL(Lcom/jogamp/opengl/GLDrawable;Lcom/jogamp/opengl/GLContext;Ljava/lang/Runnable;Ljava/lang/Runnable;)V+72
j  com.jogamp.opengl.awt.GLCanvas$12.run()V+104
j  java.awt.event.InvocationEvent.dispatch()V+11
j  java.awt.EventQueue.dispatchEventImpl(Ljava/awt/AWTEvent;Ljava/lang/Object;)V+21
j  java.awt.EventQueue.access$500(Ljava/awt/EventQueue;Ljava/awt/AWTEvent;Ljava/lang/Object;)V+3
j  java.awt.EventQueue$3.run()Ljava/lang/Void;+32
j  java.awt.EventQueue$3.run()Ljava/lang/Object;+1
v  ~StubRoutines::call_stub
j  java.security.AccessController.doPrivileged(Ljava/security/PrivilegedAction;Ljava/security/AccessControlContext;)Ljava/lang/Object;+0
j  java.security.ProtectionDomain$JavaSecurityAccessImpl.doIntersectionPrivilege(Ljava/security/PrivilegedAction;Ljava/security/AccessControlContext;Ljava/security/AccessControlContext;)Ljava/lang/Object;+18
j  java.awt.EventQueue.dispatchEvent(Ljava/awt/AWTEvent;)V+46
j  java.awt.EventDispatchThread.pumpOneEventForFilters(I)V+245
j  java.awt.EventDispatchThread.pumpEventsForFilter(ILjava/awt/Conditional;Ljava/awt/EventFilter;)V+35
j  java.awt.EventDispatchThread.pumpEventsForHierarchy(ILjava/awt/Conditional;Ljava/awt/Component;)V+11
j  java.awt.EventDispatchThread.pumpEvents(ILjava/awt/Conditional;)V+4
j  java.awt.EventDispatchThread.pumpEvents(Ljava/awt/Conditional;)V+3
j  java.awt.EventDispatchThread.run()V+9
v  ~StubRoutines::call_stub

---------------  P R O C E S S  ---------------

Java Threads: ( => current thread )
  0x000000001a145000 JavaThread "DestroyJavaVM" [_thread_blocked, id=12144, stack(0x0000000002b70000,0x0000000002c70000)]
=>0x000000001a144000 JavaThread "AWT-EventQueue-0" [_thread_in_native, id=12580, stack(0x0000000020e00000,0x0000000020f00000)]
  0x000000001a146800 JavaThread "AWT-Shutdown" [_thread_blocked, id=11828, stack(0x0000000020d00000,0x0000000020e00000)]
  0x000000001a33e000 JavaThread "main-FPSAWTAnimator#00-Timer0" [_thread_blocked, id=5332, stack(0x0000000020c00000,0x0000000020d00000)]
  0x0000000019d1b000 JavaThread "main-SharedResourceRunner" daemon [_thread_blocked, id=2444, stack(0x000000001a920000,0x000000001aa20000)]
  0x0000000019c97800 JavaThread "AWT-Windows" daemon [_thread_in_native, id=2912, stack(0x000000001a660000,0x000000001a760000)]
  0x0000000019c94000 JavaThread "Java2D Disposer" daemon [_thread_blocked, id=13060, stack(0x000000001a460000,0x000000001a560000)]
  0x0000000019209000 JavaThread "Service Thread" daemon [_thread_blocked, id=7644, stack(0x00000000195d0000,0x00000000196d0000)]
  0x0000000017868800 JavaThread "C1 CompilerThread2" daemon [_thread_blocked, id=12540, stack(0x00000000190d0000,0x00000000191d0000)]
  0x0000000017861800 JavaThread "C2 CompilerThread1" daemon [_thread_blocked, id=3172, stack(0x0000000018fd0000,0x00000000190d0000)]
  0x000000001785d000 JavaThread "C2 CompilerThread0" daemon [_thread_blocked, id=13156, stack(0x0000000018ed0000,0x0000000018fd0000)]
  0x000000001785b800 JavaThread "Attach Listener" daemon [_thread_blocked, id=12536, stack(0x0000000018dd0000,0x0000000018ed0000)]
  0x000000001785a800 JavaThread "Signal Dispatcher" daemon [_thread_blocked, id=5292, stack(0x0000000018cd0000,0x0000000018dd0000)]
  0x000000001784a800 JavaThread "Finalizer" daemon [_thread_blocked, id=3976, stack(0x0000000018ac0000,0x0000000018bc0000)]
  0x0000000002d5f000 JavaThread "Reference Handler" daemon [_thread_blocked, id=6460, stack(0x00000000189c0000,0x0000000018ac0000)]

Other Threads:
  0x0000000017827800 VMThread [stack: 0x00000000188c0000,0x00000000189c0000] [id=8632]
  0x000000001921c000 WatcherThread [stack: 0x0000000019820000,0x0000000019920000] [id=11188]

VM state:not at safepoint (normal execution)

VM Mutex/Monitor currently owned by a thread: None

Heap:
 PSYoungGen      total 680448K, used 620018K [0x00000000d6000000, 0x0000000100000000, 0x0000000100000000)
  eden space 672768K, 91% used [0x00000000d6000000,0x00000000fbba2858,0x00000000ff100000)
  from space 7680K, 24% used [0x00000000ff100000,0x00000000ff2d9ff0,0x00000000ff880000)
  to   space 7680K, 0% used [0x00000000ff880000,0x00000000ff880000,0x0000000100000000)
 ParOldGen       total 86016K, used 12587K [0x0000000082000000, 0x0000000087400000, 0x00000000d6000000)
  object space 86016K, 14% used [0x0000000082000000,0x0000000082c4ad28,0x0000000087400000)
 Metaspace       used 15462K, capacity 15726K, committed 16128K, reserved 1062912K
  class space    used 1602K, capacity 1677K, committed 1792K, reserved 1048576K

Card table byte_map: [0x0000000012130000,0x0000000012530000] byte_map_base: 0x0000000011d20000

Marking Bits: (ParMarkBitMap*) 0x00000000757ba6c0
 Begin Bits: [0x0000000012bd0000, 0x0000000014b50000)
 End Bits:   [0x0000000014b50000, 0x0000000016ad0000)

Polling page: 0x0000000000d30000

CodeCache: size=245760Kb used=3568Kb max_used=3575Kb free=242191Kb
 bounds [0x0000000002d70000, 0x0000000003100000, 0x0000000011d70000]
 total_blobs=1605 nmethods=807 adapters=711
 compilation: enabled

Compilation events (10 events):
Event: 28.503 Thread 0x0000000017868800  804       3       java.lang.RuntimeException::<init> (6 bytes)
Event: 28.503 Thread 0x0000000017868800 nmethod 804 0x00000000030e1350 code [0x00000000030e14c0, 0x00000000030e16a8]
Event: 28.503 Thread 0x0000000017868800  805       3       java.lang.ArrayIndexOutOfBoundsException::<init> (6 bytes)
Event: 28.503 Thread 0x0000000017868800 nmethod 805 0x00000000030e2c10 code [0x00000000030e2d80, 0x00000000030e3028]
Event: 28.503 Thread 0x0000000017868800  806       3       java.lang.IndexOutOfBoundsException::<init> (6 bytes)
Event: 28.503 Thread 0x0000000017868800 nmethod 806 0x00000000030e2750 code [0x00000000030e28c0, 0x00000000030e2b08]
Event: 28.555 Thread 0x000000001785d000  807   !   4       Graphics.Renderer::drawTriangle (251 bytes)
Event: 28.564 Thread 0x0000000017861800  808       4       jogamp.opengl.gl4.GL4bcImpl::glBegin (49 bytes)
Event: 28.565 Thread 0x0000000017861800 nmethod 808 0x00000000030ee0d0 code [0x00000000030ee220, 0x00000000030ee2e8]
Event: 28.571 Thread 0x000000001785d000 nmethod 807 0x00000000030ee3d0 code [0x00000000030ee6c0, 0x00000000030ef6b8]

GC Heap History (10 events):
Event: 24.413 GC heap before
{Heap before GC invocations=163 (full 0):
 PSYoungGen      total 646656K, used 644665K [0x00000000d6000000, 0x00000000ffe00000, 0x0000000100000000)
  eden space 641024K, 99% used [0x00000000d6000000,0x00000000fd03f2f8,0x00000000fd200000)
  from space 5632K, 96% used [0x00000000ff880000,0x00000000ffdcf130,0x00000000ffe00000)
  to   space 7680K, 0% used [0x00000000fef00000,0x00000000fef00000,0x00000000ff680000)
 ParOldGen       total 86016K, used 10780K [0x0000000082000000, 0x0000000087400000, 0x00000000d6000000)
  object space 86016K, 12% used [0x0000000082000000,0x0000000082a87290,0x0000000087400000)
 Metaspace       used 12615K, capacity 12814K, committed 13184K, reserved 1060864K
  class space    used 1233K, capacity 1282K, committed 1408K, reserved 1048576K
Event: 24.415 GC heap after
Heap after GC invocations=163 (full 0):
 PSYoungGen      total 616448K, used 5460K [0x00000000d6000000, 0x00000000ff900000, 0x0000000100000000)
  eden space 610816K, 0% used [0x00000000d6000000,0x00000000d6000000,0x00000000fb480000)
  from space 5632K, 96% used [0x00000000fef00000,0x00000000ff455340,0x00000000ff480000)
  to   space 4608K, 0% used [0x00000000ff480000,0x00000000ff480000,0x00000000ff900000)
 ParOldGen       total 86016K, used 10780K [0x0000000082000000, 0x0000000087400000, 0x00000000d6000000)
  object space 86016K, 12% used [0x0000000082000000,0x0000000082a87290,0x0000000087400000)
 Metaspace       used 12615K, capacity 12814K, committed 13184K, reserved 1060864K
  class space    used 1233K, capacity 1282K, committed 1408K, reserved 1048576K
}
Event: 24.576 GC heap before
{Heap before GC invocations=164 (full 0):
 PSYoungGen      total 616448K, used 616217K [0x00000000d6000000, 0x00000000ff900000, 0x0000000100000000)
  eden space 610816K, 99% used [0x00000000d6000000,0x00000000fb4713d0,0x00000000fb480000)
  from space 5632K, 96% used [0x00000000fef00000,0x00000000ff455340,0x00000000ff480000)
  to   space 4608K, 0% used [0x00000000ff480000,0x00000000ff480000,0x00000000ff900000)
 ParOldGen       total 86016K, used 10780K [0x0000000082000000, 0x0000000087400000, 0x00000000d6000000)
  object space 86016K, 12% used [0x0000000082000000,0x0000000082a87290,0x0000000087400000)
 Metaspace       used 12615K, capacity 12814K, committed 13184K, reserved 1060864K
  class space    used 1233K, capacity 1282K, committed 1408K, reserved 1048576K
Event: 24.579 GC heap after
Heap after GC invocations=164 (full 0):
 PSYoungGen      total 673280K, used 3645K [0x00000000d6000000, 0x0000000100000000, 0x0000000100000000)
  eden space 668672K, 0% used [0x00000000d6000000,0x00000000d6000000,0x00000000fed00000)
  from space 4608K, 79% used [0x00000000ff480000,0x00000000ff80f520,0x00000000ff900000)
  to   space 7680K, 0% used [0x00000000fed00000,0x00000000fed00000,0x00000000ff480000)
 ParOldGen       total 86016K, used 12587K [0x0000000082000000, 0x0000000087400000, 0x00000000d6000000)
  object space 86016K, 14% used [0x0000000082000000,0x0000000082c4ad28,0x0000000087400000)
 Metaspace       used 12615K, capacity 12814K, committed 13184K, reserved 1060864K
  class space    used 1233K, capacity 1282K, committed 1408K, reserved 1048576K
}
Event: 24.740 GC heap before
{Heap before GC invocations=165 (full 0):
 PSYoungGen      total 673280K, used 670776K [0x00000000d6000000, 0x0000000100000000, 0x0000000100000000)
  eden space 668672K, 99% used [0x00000000d6000000,0x00000000feb7eb60,0x00000000fed00000)
  from space 4608K, 79% used [0x00000000ff480000,0x00000000ff80f520,0x00000000ff900000)
  to   space 7680K, 0% used [0x00000000fed00000,0x00000000fed00000,0x00000000ff480000)
 ParOldGen       total 86016K, used 12587K [0x0000000082000000, 0x0000000087400000, 0x00000000d6000000)
  object space 86016K, 14% used [0x0000000082000000,0x0000000082c4ad28,0x0000000087400000)
 Metaspace       used 12615K, capacity 12814K, committed 13184K, reserved 1060864K
  class space    used 1233K, capacity 1282K, committed 1408K, reserved 1048576K
Event: 24.742 GC heap after
Heap after GC invocations=165 (full 0):
 PSYoungGen      total 676352K, used 5477K [0x00000000d6000000, 0x0000000100000000, 0x0000000100000000)
  eden space 668672K, 0% used [0x00000000d6000000,0x00000000d6000000,0x00000000fed00000)
  from space 7680K, 71% used [0x00000000fed00000,0x00000000ff259510,0x00000000ff480000)
  to   space 7680K, 0% used [0x00000000ff880000,0x00000000ff880000,0x0000000100000000)
 ParOldGen       total 86016K, used 12587K [0x0000000082000000, 0x0000000087400000, 0x00000000d6000000)
  object space 86016K, 14% used [0x0000000082000000,0x0000000082c4ad28,0x0000000087400000)
 Metaspace       used 12615K, capacity 12814K, committed 13184K, reserved 1060864K
  class space    used 1233K, capacity 1282K, committed 1408K, reserved 1048576K
}
Event: 24.908 GC heap before
{Heap before GC invocations=166 (full 0):
 PSYoungGen      total 676352K, used 671995K [0x00000000d6000000, 0x0000000100000000, 0x0000000100000000)
  eden space 668672K, 99% used [0x00000000d6000000,0x00000000feae59b0,0x00000000fed00000)
  from space 7680K, 71% used [0x00000000fed00000,0x00000000ff259510,0x00000000ff480000)
  to   space 7680K, 0% used [0x00000000ff880000,0x00000000ff880000,0x0000000100000000)
 ParOldGen       total 86016K, used 12587K [0x0000000082000000, 0x0000000087400000, 0x00000000d6000000)
  object space 86016K, 14% used [0x0000000082000000,0x0000000082c4ad28,0x0000000087400000)
 Metaspace       used 12615K, capacity 12814K, committed 13184K, reserved 1060864K
  class space    used 1233K, capacity 1282K, committed 1408K, reserved 1048576K
Event: 24.911 GC heap after
Heap after GC invocations=166 (full 0):
 PSYoungGen      total 680448K, used 5534K [0x00000000d6000000, 0x0000000100000000, 0x0000000100000000)
  eden space 672768K, 0% used [0x00000000d6000000,0x00000000d6000000,0x00000000ff100000)
  from space 7680K, 72% used [0x00000000ff880000,0x00000000ffde7a78,0x0000000100000000)
  to   space 7680K, 0% used [0x00000000ff100000,0x00000000ff100000,0x00000000ff880000)
 ParOldGen       total 86016K, used 12587K [0x0000000082000000, 0x0000000087400000, 0x00000000d6000000)
  object space 86016K, 14% used [0x0000000082000000,0x0000000082c4ad28,0x0000000087400000)
 Metaspace       used 12615K, capacity 12814K, committed 13184K, reserved 1060864K
  class space    used 1233K, capacity 1282K, committed 1408K, reserved 1048576K
}
Event: 25.073 GC heap before
{Heap before GC invocations=167 (full 0):
 PSYoungGen      total 680448K, used 676985K [0x00000000d6000000, 0x0000000100000000, 0x0000000100000000)
  eden space 672768K, 99% used [0x00000000d6000000,0x00000000fefb6c50,0x00000000ff100000)
  from space 7680K, 72% used [0x00000000ff880000,0x00000000ffde7a78,0x0000000100000000)
  to   space 7680K, 0% used [0x00000000ff100000,0x00000000ff100000,0x00000000ff880000)
 ParOldGen       total 86016K, used 12587K [0x0000000082000000, 0x0000000087400000, 0x00000000d6000000)
  object space 86016K, 14% used [0x0000000082000000,0x0000000082c4ad28,0x0000000087400000)
 Metaspace       used 12615K, capacity 12814K, committed 13184K, reserved 1060864K
  class space    used 1233K, capacity 1282K, committed 1408K, reserved 1048576K
Event: 25.074 GC heap after
Heap after GC invocations=167 (full 0):
 PSYoungGen      total 680448K, used 1895K [0x00000000d6000000, 0x0000000100000000, 0x0000000100000000)
  eden space 672768K, 0% used [0x00000000d6000000,0x00000000d6000000,0x00000000ff100000)
  from space 7680K, 24% used [0x00000000ff100000,0x00000000ff2d9ff0,0x00000000ff880000)
  to   space 7680K, 0% used [0x00000000ff880000,0x00000000ff880000,0x0000000100000000)
 ParOldGen       total 86016K, used 12587K [0x0000000082000000, 0x0000000087400000, 0x00000000d6000000)
  object space 86016K, 14% used [0x0000000082000000,0x0000000082c4ad28,0x0000000087400000)
 Metaspace       used 12615K, capacity 12814K, committed 13184K, reserved 1060864K
  class space    used 1233K, capacity 1282K, committed 1408K, reserved 1048576K
}

Deoptimization events (10 events):
Event: 28.218 Thread 0x0000000002b6d800 Uncommon trap: reason=array_check action=maybe_recompile pc=0x0000000003060d68 method=java.util.AbstractCollection.toArray([Ljava/lang/Object;)[Ljava/lang/Object; @ 119
Event: 28.218 Thread 0x0000000002b6d800 Uncommon trap: reason=array_check action=maybe_recompile pc=0x0000000003060d68 method=java.util.AbstractCollection.toArray([Ljava/lang/Object;)[Ljava/lang/Object; @ 119
Event: 28.218 Thread 0x0000000002b6d800 Uncommon trap: reason=array_check action=maybe_recompile pc=0x0000000003060d68 method=java.util.AbstractCollection.toArray([Ljava/lang/Object;)[Ljava/lang/Object; @ 119
Event: 28.218 Thread 0x0000000002b6d800 Uncommon trap: reason=array_check action=maybe_recompile pc=0x0000000003060d68 method=java.util.AbstractCollection.toArray([Ljava/lang/Object;)[Ljava/lang/Object; @ 119
Event: 28.290 Thread 0x0000000002b6d800 Uncommon trap: reason=unstable_if action=reinterpret pc=0x000000000308dfc8 method=java.lang.Integer.parseInt(Ljava/lang/String;I)I @ 108
Event: 28.335 Thread 0x0000000002b6d800 Uncommon trap: reason=unstable_if action=reinterpret pc=0x00000000030ac380 method=java.util.Arrays.copyOf([Ljava/lang/Object;ILjava/lang/Class;)[Ljava/lang/Object; @ 3
Event: 28.387 Thread 0x0000000002b6d800 Uncommon trap: reason=class_check action=maybe_recompile pc=0x000000000308ef20 method=java.util.AbstractCollection.toArray([Ljava/lang/Object;)[Ljava/lang/Object; @ 1
Event: 28.387 Thread 0x0000000002b6d800 Uncommon trap: reason=class_check action=maybe_recompile pc=0x000000000308ef20 method=java.util.AbstractCollection.toArray([Ljava/lang/Object;)[Ljava/lang/Object; @ 1
Event: 28.482 Thread 0x000000001a144000 Uncommon trap: reason=unstable_if action=reinterpret pc=0x0000000003058fb4 method=java.lang.String.trim()Ljava/lang/String; @ 23
Event: 28.496 Thread 0x000000001a144000 Uncommon trap: reason=range_check action=make_not_entrant pc=0x0000000002fc51e4 method=java.util.ArrayList.elementData(I)Ljava/lang/Object; @ 5

Internal exceptions (10 events):
Event: 28.571 Thread 0x000000001a144000 Exception <a 'java/lang/ArrayIndexOutOfBoundsException'> (0x00000000f98077c8) thrown at [C:\re\workspace\8-2-build-windows-amd64-cygwin\jdk8u111\7883\hotspot\src\share\vm\runtime\sharedRuntime.cpp, line 605]
Event: 28.571 Thread 0x000000001a144000 Exception <a 'java/lang/ArrayIndexOutOfBoundsException'> (0x00000000f9807a00) thrown at [C:\re\workspace\8-2-build-windows-amd64-cygwin\jdk8u111\7883\hotspot\src\share\vm\runtime\sharedRuntime.cpp, line 605]
Event: 28.571 Thread 0x000000001a144000 Exception <a 'java/lang/ArrayIndexOutOfBoundsException'> (0x00000000f9807c38) thrown at [C:\re\workspace\8-2-build-windows-amd64-cygwin\jdk8u111\7883\hotspot\src\share\vm\runtime\sharedRuntime.cpp, line 605]
Event: 28.571 Thread 0x000000001a144000 Exception <a 'java/lang/ArrayIndexOutOfBoundsException'> (0x00000000f9807e70) thrown at [C:\re\workspace\8-2-build-windows-amd64-cygwin\jdk8u111\7883\hotspot\src\share\vm\runtime\sharedRuntime.cpp, line 605]
Event: 28.571 Thread 0x000000001a144000 Exception <a 'java/lang/ArrayIndexOutOfBoundsException'> (0x00000000f98080a8) thrown at [C:\re\workspace\8-2-build-windows-amd64-cygwin\jdk8u111\7883\hotspot\src\share\vm\runtime\sharedRuntime.cpp, line 605]
Event: 28.571 Thread 0x000000001a144000 Exception <a 'java/lang/ArrayIndexOutOfBoundsException'> (0x00000000f98082e0) thrown at [C:\re\workspace\8-2-build-windows-amd64-cygwin\jdk8u111\7883\hotspot\src\share\vm\runtime\sharedRuntime.cpp, line 605]
Event: 28.571 Thread 0x000000001a144000 Exception <a 'java/lang/ArrayIndexOutOfBoundsException'> (0x00000000f9808518) thrown at [C:\re\workspace\8-2-build-windows-amd64-cygwin\jdk8u111\7883\hotspot\src\share\vm\runtime\sharedRuntime.cpp, line 605]
Event: 28.571 Thread 0x000000001a144000 Exception <a 'java/lang/ArrayIndexOutOfBoundsException'> (0x00000000f9808750) thrown at [C:\re\workspace\8-2-build-windows-amd64-cygwin\jdk8u111\7883\hotspot\src\share\vm\runtime\sharedRuntime.cpp, line 605]
Event: 28.571 Thread 0x000000001a144000 Exception <a 'java/lang/ArrayIndexOutOfBoundsException'> (0x00000000f9808988) thrown at [C:\re\workspace\8-2-build-windows-amd64-cygwin\jdk8u111\7883\hotspot\src\share\vm\runtime\sharedRuntime.cpp, line 605]
Event: 28.571 Thread 0x000000001a144000 Exception <a 'java/lang/ArrayIndexOutOfBoundsException'> (0x00000000f9808bc0) thrown at [C:\re\workspace\8-2-build-windows-amd64-cygwin\jdk8u111\7883\hotspot\src\share\vm\runtime\sharedRuntime.cpp, line 605]

Events (10 events):
Event: 28.467 loading class java/text/CharacterIterator
Event: 28.467 loading class java/text/CharacterIterator done
Event: 28.467 loading class java/text/AttributedCharacterIterator done
Event: 28.467 loading class java/text/AttributedString$AttributedStringIterator done
Event: 28.482 Thread 0x000000001a144000 Uncommon trap: trap_request=0xffffff65 fr.pc=0x0000000003058fb4
Event: 28.482 Thread 0x000000001a144000 DEOPT PACKING pc=0x0000000003058fb4 sp=0x0000000020efda20
Event: 28.482 Thread 0x000000001a144000 DEOPT UNPACKING pc=0x0000000002db582a sp=0x0000000020efd9b8 mode 2
Event: 28.496 Thread 0x000000001a144000 Uncommon trap: trap_request=0xffffffe4 fr.pc=0x0000000002fc51e4
Event: 28.496 Thread 0x000000001a144000 DEOPT PACKING pc=0x0000000002fc51e4 sp=0x0000000020efdc70
Event: 28.496 Thread 0x000000001a144000 DEOPT UNPACKING pc=0x0000000002db582a sp=0x0000000020efdbc0 mode 2


Dynamic libraries:
0x00007ff6389e0000 - 0x00007ff638a17000 	C:\Program Files\Java\jdk1.8.0_111\bin\java.exe
0x00007ffa47cb0000 - 0x00007ffa47e91000 	C:\Windows\SYSTEM32\ntdll.dll
0x00007ffa45c10000 - 0x00007ffa45cc2000 	C:\Windows\System32\KERNEL32.DLL
0x00007ffa443e0000 - 0x00007ffa44653000 	C:\Windows\System32\KERNELBASE.dll
0x00007ffa462e0000 - 0x00007ffa46381000 	C:\Windows\System32\ADVAPI32.dll
0x00007ffa45eb0000 - 0x00007ffa45f4e000 	C:\Windows\System32\msvcrt.dll
0x00007ffa460d0000 - 0x00007ffa4612b000 	C:\Windows\System32\sechost.dll
0x00007ffa45ae0000 - 0x00007ffa45c04000 	C:\Windows\System32\RPCRT4.dll
0x00007ffa45950000 - 0x00007ffa45ae0000 	C:\Windows\System32\USER32.dll
0x00007ffa443c0000 - 0x00007ffa443e0000 	C:\Windows\System32\win32u.dll
0x00007ffa463d0000 - 0x00007ffa463f8000 	C:\Windows\System32\GDI32.dll
0x00007ffa44660000 - 0x00007ffa447f2000 	C:\Windows\System32\gdi32full.dll
0x00007ffa44130000 - 0x00007ffa441cf000 	C:\Windows\System32\msvcp_win.dll
0x00007ffa44fc0000 - 0x00007ffa450ba000 	C:\Windows\System32\ucrtbase.dll
0x00007ffa37810000 - 0x00007ffa37a79000 	C:\Windows\WinSxS\amd64_microsoft.windows.common-controls_6595b64144ccf1df_6.0.17134.285_none_fb4297e330656775\COMCTL32.dll
0x00007ffa45140000 - 0x00007ffa45463000 	C:\Windows\System32\combase.dll
0x00007ffa450c0000 - 0x00007ffa4513a000 	C:\Windows\System32\bcryptPrimitives.dll
0x00007ffa46390000 - 0x00007ffa463bd000 	C:\Windows\System32\IMM32.DLL
0x0000000074ec0000 - 0x0000000074f92000 	C:\Program Files\Java\jdk1.8.0_111\jre\bin\msvcr100.dll
0x0000000074fa0000 - 0x000000007583a000 	C:\Program Files\Java\jdk1.8.0_111\jre\bin\server\jvm.dll
0x00007ffa45470000 - 0x00007ffa45478000 	C:\Windows\System32\PSAPI.DLL
0x00007ffa40eb0000 - 0x00007ffa40eb9000 	C:\Windows\SYSTEM32\WSOCK32.dll
0x00007ffa466d0000 - 0x00007ffa4673c000 	C:\Windows\System32\WS2_32.dll
0x00007ffa403f0000 - 0x00007ffa40413000 	C:\Windows\SYSTEM32\WINMM.dll
0x00007ffa403e0000 - 0x00007ffa403ea000 	C:\Windows\SYSTEM32\VERSION.dll
0x00007ffa40230000 - 0x00007ffa4025a000 	C:\Windows\SYSTEM32\WINMMBASE.dll
0x00007ffa440e0000 - 0x00007ffa44129000 	C:\Windows\System32\cfgmgr32.dll
0x0000000074e70000 - 0x0000000074e7f000 	C:\Program Files\Java\jdk1.8.0_111\jre\bin\verify.dll
0x0000000074e40000 - 0x0000000074e69000 	C:\Program Files\Java\jdk1.8.0_111\jre\bin\java.dll
0x0000000074e20000 - 0x0000000074e36000 	C:\Program Files\Java\jdk1.8.0_111\jre\bin\zip.dll
0x00007ffa467e0000 - 0x00007ffa47c20000 	C:\Windows\System32\SHELL32.dll
0x00007ffa46140000 - 0x00007ffa461e9000 	C:\Windows\System32\shcore.dll
0x00007ffa44800000 - 0x00007ffa44f0d000 	C:\Windows\System32\windows.storage.dll
0x00007ffa47c20000 - 0x00007ffa47c71000 	C:\Windows\System32\shlwapi.dll
0x00007ffa43fc0000 - 0x00007ffa43fd1000 	C:\Windows\System32\kernel.appcore.dll
0x00007ffa43ff0000 - 0x00007ffa4400f000 	C:\Windows\System32\profapi.dll
0x00007ffa44010000 - 0x00007ffa4405c000 	C:\Windows\System32\powrprof.dll
0x00007ffa43fe0000 - 0x00007ffa43fea000 	C:\Windows\System32\FLTLIB.DLL
0x00007ffa439f0000 - 0x00007ffa43a07000 	C:\Windows\SYSTEM32\CRYPTSP.dll
0x00007ffa43420000 - 0x00007ffa43453000 	C:\Windows\system32\rsaenh.dll
0x00007ffa43b20000 - 0x00007ffa43b45000 	C:\Windows\SYSTEM32\bcrypt.dll
0x00007ffa43ec0000 - 0x00007ffa43ee8000 	C:\Windows\SYSTEM32\USERENV.dll
0x00007ffa43a10000 - 0x00007ffa43a1b000 	C:\Windows\SYSTEM32\CRYPTBASE.dll
0x0000000074e00000 - 0x0000000074e1a000 	C:\Program Files\Java\jdk1.8.0_111\jre\bin\net.dll
0x00007ffa43840000 - 0x00007ffa438a6000 	C:\Windows\system32\mswsock.dll
0x00007ffa435c0000 - 0x00007ffa435f8000 	C:\Windows\SYSTEM32\IPHLPAPI.DLL
0x00007ffa46130000 - 0x00007ffa46138000 	C:\Windows\System32\NSI.dll
0x00007ffa3a580000 - 0x00007ffa3a596000 	C:\Windows\SYSTEM32\dhcpcsvc6.DLL
0x00007ffa3a560000 - 0x00007ffa3a57a000 	C:\Windows\SYSTEM32\dhcpcsvc.DLL
0x0000000074de0000 - 0x0000000074df1000 	C:\Program Files\Java\jdk1.8.0_111\jre\bin\nio.dll
0x00007ffa32640000 - 0x00007ffa32660000 	C:\Windows\SYSTEM32\apisethost.appexecutionalias.dll
0x00007ffa42320000 - 0x00007ffa423ab000 	C:\Windows\system32\apphelp.dll
0x00000000637c0000 - 0x00000000637cd000 	C:\Users\Diego Felipe\.jogamp_0000\file_cache\jln5636019997255772307\jln4998126164003581331\natives\windows-amd64\gluegen-rt.dll
0x0000000074c40000 - 0x0000000074dd8000 	C:\Program Files\Java\jdk1.8.0_111\jre\bin\awt.dll
0x00007ffa46400000 - 0x00007ffa464c2000 	C:\Windows\System32\OLEAUT32.dll
0x00007ffa42450000 - 0x00007ffa424e8000 	C:\Windows\system32\uxtheme.dll
0x00007ffa45f50000 - 0x00007ffa460c5000 	C:\Windows\System32\MSCTF.dll
0x00007ffa14f50000 - 0x00007ffa14fcf000 	C:\Program Files (x86)\TeamViewer\tv_x64.dll
0x00007ffa45d50000 - 0x00007ffa45ea1000 	C:\Windows\System32\ole32.dll
0x00007ffa42730000 - 0x00007ffa42759000 	C:\Windows\system32\dwmapi.dll
0x0000000072070000 - 0x0000000072077000 	C:\Program Files\Java\jdk1.8.0_111\jre\bin\jawt.dll
0x000000006a440000 - 0x000000006a44d000 	C:\Users\Diego Felipe\.jogamp_0000\file_cache\jln5636019997255772307\jln4998126164003581331\natives\windows-amd64\nativewindow_awt.dll
0x000000006c100000 - 0x000000006c10f000 	C:\Users\Diego Felipe\.jogamp_0000\file_cache\jln5636019997255772307\jln4998126164003581331\natives\windows-amd64\nativewindow_win32.dll
0x00007ffa20ca0000 - 0x00007ffa20dc0000 	C:\Windows\SYSTEM32\OpenGL32.dll
0x00007ffa20bd0000 - 0x00007ffa20bfc000 	C:\Windows\SYSTEM32\GLU32.dll
0x0000000064500000 - 0x00000000645b1000 	C:\Users\Diego Felipe\.jogamp_0000\file_cache\jln5636019997255772307\jln4998126164003581331\natives\windows-amd64\jogl_desktop.dll
0x0000000064340000 - 0x00000000643a2000 	C:\Users\Diego Felipe\.jogamp_0000\file_cache\jln5636019997255772307\jln4998126164003581331\natives\windows-amd64\jogl_mobile.dll
0x00007ff9fda10000 - 0x00007ff9fe769000 	C:\Windows\System32\DriverStore\FileRepository\igdlh64.inf_amd64_aa3a0bcfbcf24a1b\ig9icd64.dll
0x00007ffa40090000 - 0x00007ffa400a3000 	C:\Windows\SYSTEM32\WTSAPI32.dll
0x00007ffa3b8b0000 - 0x00007ffa3ca0f000 	C:\Windows\System32\DriverStore\FileRepository\igdlh64.inf_amd64_aa3a0bcfbcf24a1b\igc64.dll
0x0000000074bf0000 - 0x0000000074c37000 	C:\Program Files\Java\jdk1.8.0_111\jre\bin\fontmanager.dll
0x00007ffa0ec40000 - 0x00007ffa0ee09000 	C:\Windows\SYSTEM32\dbghelp.dll

VM Arguments:
jvm_args: -Dfile.encoding=UTF-8 
java_command: Principal
java_class_path (initial): C:\libs\JOGL\gluegen-rt-natives-windows-amd64.jar;C:\libs\JOGL\gluegen-rt-natives-windows-i586.jar;C:\libs\JOGL\gluegen-rt.jar;C:\libs\JOGL\jogl-all-natives-windows-amd64.jar;C:\libs\JOGL\jogl-all-natives-windows-i586.jar;C:\libs\JOGL\jogl-all.jar;C:\Users\Diego Felipe\OneDrive\Programacao\Java\OpenGL - Java\TF - ICG\TF-ICG\build\classes
Launcher Type: SUN_STANDARD

Environment Variables:
CLASSPATH=.;C:\Program Files (x86)\QuickTime\QTSystem\QTJava.zip
PATH=C:\ProgramData\Oracle\Java\javapath;C:\Windows\system32;C:\Windows;C:\Windows\System32\Wbem;C:\Windows\System32\WindowsPowerShell\v1.0\;C:\Windows\System32\OpenSSH\;C:\Program Files (x86)\NVIDIA Corporation\PhysX\Common;c:\Program Files (x86)\Common Files\Ulead Systems\MPEG;C:\Program Files (x86)\QuickTime\QTSystem\;C:\Users\Diego Felipe\AppData\Local\Microsoft\WindowsApps;C:\altera\13.0sp1\modelsim_ase\win32aloem;C:\Users\Diego Felipe\AppData\Local\GitHubDesktop\bin
USERNAME=Diego Felipe
OS=Windows_NT
PROCESSOR_IDENTIFIER=Intel64 Family 6 Model 78 Stepping 3, GenuineIntel



---------------  S Y S T E M  ---------------

OS: Windows 10.0 , 64 bit Build 17134 (10.0.17134.1)

CPU:total 4 (2 cores per cpu, 2 threads per core) family 6 model 78 stepping 3, cmov, cx8, fxsr, mmx, sse, sse2, sse3, ssse3, sse4.1, sse4.2, popcnt, avx, avx2, aes, clmul, erms, 3dnowpref, lzcnt, ht, tsc, tscinvbit, bmi1, bmi2, adx

Memory: 4k page, physical 8252092k(2904872k free), swap 12970684k(4873136k free)

vm_info: Java HotSpot(TM) 64-Bit Server VM (25.111-b14) for windows-amd64 JRE (1.8.0_111-b14), built on Sep 22 2016 19:24:05 by "java_re" with MS VC++ 10.0 (VS2010)

time: Wed Oct 03 17:01:13 2018
elapsed time: 28 seconds (0d 0h 0m 28s)

